   0  $accept : program $end

   1  program : MAIN LP RP option_nl LBRACE stmt_list RBRACE option_nl
   2          | error NL

   3  option_nl :
   4            | NL option_nl

   5  stmt_list : stmt
   6            | stmt stmt_list

   7  conditional : if_stmt
   8              | if_else_stmt

   9  if_stmt : IF LP boolean_list RP option_nl LBRACE stmt_list RBRACE

  10  if_else_stmt : IF LP boolean_list RP option_nl LBRACE stmt_list RBRACE option_nl ELSE option_nl LBRACE stmt_list RBRACE

  11  stmt : decrement_expr
  12       | increment_expr
  13       | SINGLE_LINE_COMMENT
  14       | declaration_expr
  15       | return_expr
  16       | assignment_expr
  17       | loop_expr
  18       | define_fcn
  19       | fcn_call_expr
  20       | primitive_function_expr
  21       | conditional
  22       | NL
  23       | error NL

  24  decrement_expr : decrement_operation SEMICOLON

  25  decrement_operation : IDENTIFIER DECREMENT_OP
  26                      | DECREMENT_OP IDENTIFIER

  27  increment_expr : increment_operation SEMICOLON

  28  increment_operation : IDENTIFIER INCREMENT_OP
  29                      | INCREMENT_OP IDENTIFIER

  30  define_fcn : FUNCTION_DEF fcn_return_type fcn_name LP param_list RP option_nl LBRACE stmt_list RBRACE

  31  param_list :
  32             | var_type IDENTIFIER
  33             | var_type IDENTIFIER COMMA param_list

  34  fcn_return_type : var_type
  35                  | VOID

  36  loop_expr : while_loop
  37            | do_while_loop
  38            | for_loop

  39  while_loop : WHILE option_nl LP boolean_list RP option_nl LBRACE stmt_list RBRACE

  40  do_while_loop : DO option_nl LBRACE stmt_list RBRACE option_nl WHILE option_nl LP boolean_list RP SEMICOLON

  41  for_loop : FOR option_nl LP for_expr RP option_nl LBRACE stmt_list RBRACE

  42  for_expr : for_init SEMICOLON boolean_list SEMICOLON for_update

  43  for_init : var_type assignment_expr_no_sc
  44           | assignment_expr_no_sc

  45  for_update : math_stmt
  46             | assignment_expr_no_sc
  47             | decrement_operation
  48             | increment_operation

  49  declaration_expr : var_type IDENTIFIER SEMICOLON
  50                   | var_type assignment_expr

  51  assignment_expr : assignment_expr_no_sc SEMICOLON

  52  assignment_expr_no_sc : IDENTIFIER ASSIGN_OP assignment_operand

  53  assignment_operand : str_stmt_return
  54                     | SWITCH_IDENTIFIER
  55                     | boolean_list

  56  boolean_list : boolean_list OR_OP and_term
  57               | and_term

  58  and_term : and_term AND_OP boolean_factor
  59           | boolean_factor

  60  boolean_factor : boolean_expr
  61                 | boolean_no_math

  62  boolean_no_math : NEGATION_OP boolean_no_math
  63                  | LP boolean_list OR_OP and_term RP
  64                  | LP and_term AND_OP boolean_factor RP
  65                  | LP boolean_literal RP
  66                  | LP NEGATION_OP boolean_expr RP
  67                  | LP num_compr_expr RP
  68                  | LP string_compr_expr RP
  69                  | LP boolean_no_math RP

  70  boolean_expr : boolean_literal
  71               | NEGATION_OP boolean_expr
  72               | num_compr_expr
  73               | num_comparable
  74               | string_compr_expr

  75  num_compr_expr : num_comparable comparator_operator num_comparable

  76  string_compr_expr : str_stmt equal_or_not_operator str_stmt

  77  comparator_operator : GREATER_OP
  78                      | LESS_OP
  79                      | GREAT_OR_EQUAL_OP
  80                      | LESS_OR_EQUAL_OP
  81                      | EQUALITY_OP
  82                      | NOT_EQUALITY_OP

  83  equal_or_not_operator : STR_EQUALITY_OP
  84                        | STR_NOT_EQUALITY_OP

  85  var_type : INT_TYPE
  86           | CHAR_TYPE
  87           | STRING_TYPE
  88           | CONNECTION_TYPE
  89           | BOOLEAN_TYPE
  90           | TIMESTAMP_TYPE
  91           | DOUBLE_TYPE

  92  boolean_literal : TRUE_LITERAL
  93                  | FALSE_LITERAL

  94  return_expr : RETURN return_stmt SEMICOLON

  95  return_stmt :
  96              | str_stmt_return
  97              | num_comparable

  98  str_stmt : STRING
  99           | IDENTIFIER
 100           | STRING CONCAT_OP str_stmt
 101           | IDENTIFIER CONCAT_OP str_stmt

 102  str_stmt_return : STRING
 103                  | STRING CONCAT_OP str_stmt
 104                  | IDENTIFIER CONCAT_OP str_stmt

 105  num_comparable : CHAR
 106                 | math_stmt

 107  math_stmt : math_stmt PLUS_OP term
 108            | math_stmt MINUS_OP term
 109            | term

 110  fcn_call_expr : fcn_call SEMICOLON

 111  primitive_function_expr : primitive_functions SEMICOLON

 112  term : power
 113       | term MULT_OP power
 114       | term DIV_OP power
 115       | term MODULO_OP power

 116  power : power POWER_OP factor
 117        | factor

 118  factor : INTEGER
 119         | DOUBLE
 120         | IDENTIFIER
 121         | fcn_call
 122         | primitive_functions
 123         | LP math_stmt RP

 124  param_list_no_type :
 125                     | IDENTIFIER
 126                     | IDENTIFIER COMMA param_list_no_type

 127  fcn_name : IDENTIFIER

 128  fcn_call : fcn_name LP param_list_no_type RP

 129  primitive_functions : get_timestamp
 130                      | get_temperature
 131                      | get_humidity
 132                      | get_air_pressure
 133                      | get_air_quality
 134                      | get_light
 135                      | get_sound_level
 136                      | send
 137                      | read
 138                      | establish_connection

 139  get_timestamp : TIMESTAMP_PF LP RP

 140  get_temperature : TEMPERATURE_PF LP RP

 141  get_humidity : HUMIDITY_PF LP RP

 142  get_air_pressure : AIR_PRESSURE_PF LP RP

 143  get_air_quality : AIR_QUALITY_PF LP RP

 144  get_light : LIGHT_PF LP RP

 145  get_sound_level : SOUND_LEVEL_PF LP frequency RP

 146  send : IDENTIFIER DOT SEND_PF LP send_item RP
 147       | establish_connection DOT SEND_PF LP send_item RP

 148  read : IDENTIFIER DOT READ_PF LP RP
 149       | establish_connection DOT READ_PF LP RP

 150  establish_connection : ESTABLISH_CONN_PF LP str_stmt RP

 151  send_item : INTEGER
 152            | IDENTIFIER

 153  frequency : IDENTIFIER
 154            | DOUBLE

state 0
	$accept : . program $end  (0)

	error  shift 1
	MAIN  shift 2
	.  error

	program  goto 3


state 1
	program : error . NL  (2)

	NL  shift 4
	.  error


state 2
	program : MAIN . LP RP option_nl LBRACE stmt_list RBRACE option_nl  (1)

	LP  shift 5
	.  error


state 3
	$accept : program . $end  (0)

	$end  accept


state 4
	program : error NL .  (2)

	.  reduce 2


state 5
	program : MAIN LP . RP option_nl LBRACE stmt_list RBRACE option_nl  (1)

	RP  shift 6
	.  error


state 6
	program : MAIN LP RP . option_nl LBRACE stmt_list RBRACE option_nl  (1)
	option_nl : .  (3)

	NL  shift 7
	LBRACE  reduce 3

	option_nl  goto 8


state 7
	option_nl : NL . option_nl  (4)
	option_nl : .  (3)

	NL  shift 7
	$end  reduce 3
	WHILE  reduce 3
	ELSE  reduce 3
	LP  reduce 3
	LBRACE  reduce 3

	option_nl  goto 9


state 8
	program : MAIN LP RP option_nl . LBRACE stmt_list RBRACE option_nl  (1)

	LBRACE  shift 10
	.  error


state 9
	option_nl : NL option_nl .  (4)

	.  reduce 4


state 10
	program : MAIN LP RP option_nl LBRACE . stmt_list RBRACE option_nl  (1)

	error  shift 11
	IF  shift 12
	FOR  shift 13
	WHILE  shift 14
	DO  shift 15
	FUNCTION_DEF  shift 16
	RETURN  shift 17
	BOOLEAN_TYPE  shift 18
	INT_TYPE  shift 19
	STRING_TYPE  shift 20
	CHAR_TYPE  shift 21
	CONNECTION_TYPE  shift 22
	TIMESTAMP_TYPE  shift 23
	DOUBLE_TYPE  shift 24
	TIMESTAMP_PF  shift 25
	TEMPERATURE_PF  shift 26
	HUMIDITY_PF  shift 27
	AIR_PRESSURE_PF  shift 28
	AIR_QUALITY_PF  shift 29
	LIGHT_PF  shift 30
	SOUND_LEVEL_PF  shift 31
	NL  shift 32
	SINGLE_LINE_COMMENT  shift 33
	INCREMENT_OP  shift 34
	DECREMENT_OP  shift 35
	ESTABLISH_CONN_PF  shift 36
	IDENTIFIER  shift 37
	.  error

	stmt_list  goto 38
	stmt  goto 39
	conditional  goto 40
	if_stmt  goto 41
	if_else_stmt  goto 42
	decrement_expr  goto 43
	increment_expr  goto 44
	declaration_expr  goto 45
	return_expr  goto 46
	assignment_expr  goto 47
	loop_expr  goto 48
	define_fcn  goto 49
	fcn_call_expr  goto 50
	primitive_function_expr  goto 51
	decrement_operation  goto 52
	increment_operation  goto 53
	fcn_name  goto 54
	var_type  goto 55
	while_loop  goto 56
	do_while_loop  goto 57
	for_loop  goto 58
	assignment_expr_no_sc  goto 59
	fcn_call  goto 60
	primitive_functions  goto 61
	get_timestamp  goto 62
	get_temperature  goto 63
	get_humidity  goto 64
	get_air_pressure  goto 65
	get_air_quality  goto 66
	get_light  goto 67
	get_sound_level  goto 68
	send  goto 69
	read  goto 70
	establish_connection  goto 71


state 11
	stmt : error . NL  (23)

	NL  shift 72
	.  error


state 12
	if_stmt : IF . LP boolean_list RP option_nl LBRACE stmt_list RBRACE  (9)
	if_else_stmt : IF . LP boolean_list RP option_nl LBRACE stmt_list RBRACE option_nl ELSE option_nl LBRACE stmt_list RBRACE  (10)

	LP  shift 73
	.  error


state 13
	for_loop : FOR . option_nl LP for_expr RP option_nl LBRACE stmt_list RBRACE  (41)
	option_nl : .  (3)

	NL  shift 7
	LP  reduce 3

	option_nl  goto 74


state 14
	while_loop : WHILE . option_nl LP boolean_list RP option_nl LBRACE stmt_list RBRACE  (39)
	option_nl : .  (3)

	NL  shift 7
	LP  reduce 3

	option_nl  goto 75


state 15
	do_while_loop : DO . option_nl LBRACE stmt_list RBRACE option_nl WHILE option_nl LP boolean_list RP SEMICOLON  (40)
	option_nl : .  (3)

	NL  shift 7
	LBRACE  reduce 3

	option_nl  goto 76


state 16
	define_fcn : FUNCTION_DEF . fcn_return_type fcn_name LP param_list RP option_nl LBRACE stmt_list RBRACE  (30)

	BOOLEAN_TYPE  shift 18
	INT_TYPE  shift 19
	STRING_TYPE  shift 20
	CHAR_TYPE  shift 21
	CONNECTION_TYPE  shift 22
	TIMESTAMP_TYPE  shift 23
	DOUBLE_TYPE  shift 24
	VOID  shift 77
	.  error

	fcn_return_type  goto 78
	var_type  goto 79


state 17
	return_expr : RETURN . return_stmt SEMICOLON  (94)
	return_stmt : .  (95)

	TIMESTAMP_PF  shift 25
	TEMPERATURE_PF  shift 26
	HUMIDITY_PF  shift 27
	AIR_PRESSURE_PF  shift 28
	AIR_QUALITY_PF  shift 29
	LIGHT_PF  shift 30
	SOUND_LEVEL_PF  shift 31
	LP  shift 80
	ESTABLISH_CONN_PF  shift 36
	INTEGER  shift 81
	DOUBLE  shift 82
	STRING  shift 83
	CHAR  shift 84
	IDENTIFIER  shift 85
	SEMICOLON  reduce 95

	fcn_name  goto 54
	math_stmt  goto 86
	str_stmt_return  goto 87
	num_comparable  goto 88
	return_stmt  goto 89
	term  goto 90
	fcn_call  goto 91
	primitive_functions  goto 92
	power  goto 93
	factor  goto 94
	get_timestamp  goto 62
	get_temperature  goto 63
	get_humidity  goto 64
	get_air_pressure  goto 65
	get_air_quality  goto 66
	get_light  goto 67
	get_sound_level  goto 68
	send  goto 69
	read  goto 70
	establish_connection  goto 71


state 18
	var_type : BOOLEAN_TYPE .  (89)

	.  reduce 89


state 19
	var_type : INT_TYPE .  (85)

	.  reduce 85


state 20
	var_type : STRING_TYPE .  (87)

	.  reduce 87


state 21
	var_type : CHAR_TYPE .  (86)

	.  reduce 86


state 22
	var_type : CONNECTION_TYPE .  (88)

	.  reduce 88


state 23
	var_type : TIMESTAMP_TYPE .  (90)

	.  reduce 90


state 24
	var_type : DOUBLE_TYPE .  (91)

	.  reduce 91


state 25
	get_timestamp : TIMESTAMP_PF . LP RP  (139)

	LP  shift 95
	.  error


state 26
	get_temperature : TEMPERATURE_PF . LP RP  (140)

	LP  shift 96
	.  error


state 27
	get_humidity : HUMIDITY_PF . LP RP  (141)

	LP  shift 97
	.  error


state 28
	get_air_pressure : AIR_PRESSURE_PF . LP RP  (142)

	LP  shift 98
	.  error


state 29
	get_air_quality : AIR_QUALITY_PF . LP RP  (143)

	LP  shift 99
	.  error


state 30
	get_light : LIGHT_PF . LP RP  (144)

	LP  shift 100
	.  error


state 31
	get_sound_level : SOUND_LEVEL_PF . LP frequency RP  (145)

	LP  shift 101
	.  error


state 32
	stmt : NL .  (22)

	.  reduce 22


state 33
	stmt : SINGLE_LINE_COMMENT .  (13)

	.  reduce 13


state 34
	increment_operation : INCREMENT_OP . IDENTIFIER  (29)

	IDENTIFIER  shift 102
	.  error


state 35
	decrement_operation : DECREMENT_OP . IDENTIFIER  (26)

	IDENTIFIER  shift 103
	.  error


state 36
	establish_connection : ESTABLISH_CONN_PF . LP str_stmt RP  (150)

	LP  shift 104
	.  error


state 37
	decrement_operation : IDENTIFIER . DECREMENT_OP  (25)
	increment_operation : IDENTIFIER . INCREMENT_OP  (28)
	assignment_expr_no_sc : IDENTIFIER . ASSIGN_OP assignment_operand  (52)
	fcn_name : IDENTIFIER .  (127)
	send : IDENTIFIER . DOT SEND_PF LP send_item RP  (146)
	read : IDENTIFIER . DOT READ_PF LP RP  (148)

	INCREMENT_OP  shift 105
	DECREMENT_OP  shift 106
	ASSIGN_OP  shift 107
	DOT  shift 108
	LP  reduce 127


state 38
	program : MAIN LP RP option_nl LBRACE stmt_list . RBRACE option_nl  (1)

	RBRACE  shift 109
	.  error


state 39
	stmt_list : stmt .  (5)
	stmt_list : stmt . stmt_list  (6)

	error  shift 11
	IF  shift 12
	FOR  shift 13
	WHILE  shift 14
	DO  shift 15
	FUNCTION_DEF  shift 16
	RETURN  shift 17
	BOOLEAN_TYPE  shift 18
	INT_TYPE  shift 19
	STRING_TYPE  shift 20
	CHAR_TYPE  shift 21
	CONNECTION_TYPE  shift 22
	TIMESTAMP_TYPE  shift 23
	DOUBLE_TYPE  shift 24
	TIMESTAMP_PF  shift 25
	TEMPERATURE_PF  shift 26
	HUMIDITY_PF  shift 27
	AIR_PRESSURE_PF  shift 28
	AIR_QUALITY_PF  shift 29
	LIGHT_PF  shift 30
	SOUND_LEVEL_PF  shift 31
	NL  shift 32
	SINGLE_LINE_COMMENT  shift 33
	INCREMENT_OP  shift 34
	DECREMENT_OP  shift 35
	ESTABLISH_CONN_PF  shift 36
	IDENTIFIER  shift 37
	RBRACE  reduce 5

	stmt_list  goto 110
	stmt  goto 39
	conditional  goto 40
	if_stmt  goto 41
	if_else_stmt  goto 42
	decrement_expr  goto 43
	increment_expr  goto 44
	declaration_expr  goto 45
	return_expr  goto 46
	assignment_expr  goto 47
	loop_expr  goto 48
	define_fcn  goto 49
	fcn_call_expr  goto 50
	primitive_function_expr  goto 51
	decrement_operation  goto 52
	increment_operation  goto 53
	fcn_name  goto 54
	var_type  goto 55
	while_loop  goto 56
	do_while_loop  goto 57
	for_loop  goto 58
	assignment_expr_no_sc  goto 59
	fcn_call  goto 60
	primitive_functions  goto 61
	get_timestamp  goto 62
	get_temperature  goto 63
	get_humidity  goto 64
	get_air_pressure  goto 65
	get_air_quality  goto 66
	get_light  goto 67
	get_sound_level  goto 68
	send  goto 69
	read  goto 70
	establish_connection  goto 71


state 40
	stmt : conditional .  (21)

	.  reduce 21


state 41
	conditional : if_stmt .  (7)

	.  reduce 7


state 42
	conditional : if_else_stmt .  (8)

	.  reduce 8


state 43
	stmt : decrement_expr .  (11)

	.  reduce 11


state 44
	stmt : increment_expr .  (12)

	.  reduce 12


state 45
	stmt : declaration_expr .  (14)

	.  reduce 14


state 46
	stmt : return_expr .  (15)

	.  reduce 15


state 47
	stmt : assignment_expr .  (16)

	.  reduce 16


state 48
	stmt : loop_expr .  (17)

	.  reduce 17


state 49
	stmt : define_fcn .  (18)

	.  reduce 18


state 50
	stmt : fcn_call_expr .  (19)

	.  reduce 19


state 51
	stmt : primitive_function_expr .  (20)

	.  reduce 20


state 52
	decrement_expr : decrement_operation . SEMICOLON  (24)

	SEMICOLON  shift 111
	.  error


state 53
	increment_expr : increment_operation . SEMICOLON  (27)

	SEMICOLON  shift 112
	.  error


state 54
	fcn_call : fcn_name . LP param_list_no_type RP  (128)

	LP  shift 113
	.  error


state 55
	declaration_expr : var_type . IDENTIFIER SEMICOLON  (49)
	declaration_expr : var_type . assignment_expr  (50)

	IDENTIFIER  shift 114
	.  error

	assignment_expr  goto 115
	assignment_expr_no_sc  goto 59


state 56
	loop_expr : while_loop .  (36)

	.  reduce 36


state 57
	loop_expr : do_while_loop .  (37)

	.  reduce 37


state 58
	loop_expr : for_loop .  (38)

	.  reduce 38


state 59
	assignment_expr : assignment_expr_no_sc . SEMICOLON  (51)

	SEMICOLON  shift 116
	.  error


state 60
	fcn_call_expr : fcn_call . SEMICOLON  (110)

	SEMICOLON  shift 117
	.  error


state 61
	primitive_function_expr : primitive_functions . SEMICOLON  (111)

	SEMICOLON  shift 118
	.  error


state 62
	primitive_functions : get_timestamp .  (129)

	.  reduce 129


state 63
	primitive_functions : get_temperature .  (130)

	.  reduce 130


state 64
	primitive_functions : get_humidity .  (131)

	.  reduce 131


state 65
	primitive_functions : get_air_pressure .  (132)

	.  reduce 132


state 66
	primitive_functions : get_air_quality .  (133)

	.  reduce 133


state 67
	primitive_functions : get_light .  (134)

	.  reduce 134


state 68
	primitive_functions : get_sound_level .  (135)

	.  reduce 135


state 69
	primitive_functions : send .  (136)

	.  reduce 136


state 70
	primitive_functions : read .  (137)

	.  reduce 137


state 71
	primitive_functions : establish_connection .  (138)
	send : establish_connection . DOT SEND_PF LP send_item RP  (147)
	read : establish_connection . DOT READ_PF LP RP  (149)

	DOT  shift 119
	AND_OP  reduce 138
	OR_OP  reduce 138
	GREATER_OP  reduce 138
	LESS_OP  reduce 138
	GREAT_OR_EQUAL_OP  reduce 138
	LESS_OR_EQUAL_OP  reduce 138
	EQUALITY_OP  reduce 138
	NOT_EQUALITY_OP  reduce 138
	RP  reduce 138
	SEMICOLON  reduce 138
	PLUS_OP  reduce 138
	MINUS_OP  reduce 138
	DIV_OP  reduce 138
	MULT_OP  reduce 138
	POWER_OP  reduce 138
	MODULO_OP  reduce 138


state 72
	stmt : error NL .  (23)

	.  reduce 23


state 73
	if_stmt : IF LP . boolean_list RP option_nl LBRACE stmt_list RBRACE  (9)
	if_else_stmt : IF LP . boolean_list RP option_nl LBRACE stmt_list RBRACE option_nl ELSE option_nl LBRACE stmt_list RBRACE  (10)

	TRUE_LITERAL  shift 120
	FALSE_LITERAL  shift 121
	NEGATION_OP  shift 122
	TIMESTAMP_PF  shift 25
	TEMPERATURE_PF  shift 26
	HUMIDITY_PF  shift 27
	AIR_PRESSURE_PF  shift 28
	AIR_QUALITY_PF  shift 29
	LIGHT_PF  shift 30
	SOUND_LEVEL_PF  shift 31
	LP  shift 123
	ESTABLISH_CONN_PF  shift 36
	INTEGER  shift 81
	DOUBLE  shift 82
	STRING  shift 124
	CHAR  shift 84
	IDENTIFIER  shift 125
	.  error

	boolean_list  goto 126
	fcn_name  goto 54
	math_stmt  goto 86
	and_term  goto 127
	boolean_factor  goto 128
	boolean_expr  goto 129
	boolean_no_math  goto 130
	boolean_literal  goto 131
	num_compr_expr  goto 132
	string_compr_expr  goto 133
	num_comparable  goto 134
	str_stmt  goto 135
	term  goto 90
	fcn_call  goto 91
	primitive_functions  goto 92
	power  goto 93
	factor  goto 94
	get_timestamp  goto 62
	get_temperature  goto 63
	get_humidity  goto 64
	get_air_pressure  goto 65
	get_air_quality  goto 66
	get_light  goto 67
	get_sound_level  goto 68
	send  goto 69
	read  goto 70
	establish_connection  goto 71


state 74
	for_loop : FOR option_nl . LP for_expr RP option_nl LBRACE stmt_list RBRACE  (41)

	LP  shift 136
	.  error


state 75
	while_loop : WHILE option_nl . LP boolean_list RP option_nl LBRACE stmt_list RBRACE  (39)

	LP  shift 137
	.  error


state 76
	do_while_loop : DO option_nl . LBRACE stmt_list RBRACE option_nl WHILE option_nl LP boolean_list RP SEMICOLON  (40)

	LBRACE  shift 138
	.  error


state 77
	fcn_return_type : VOID .  (35)

	.  reduce 35


state 78
	define_fcn : FUNCTION_DEF fcn_return_type . fcn_name LP param_list RP option_nl LBRACE stmt_list RBRACE  (30)

	IDENTIFIER  shift 139
	.  error

	fcn_name  goto 140


state 79
	fcn_return_type : var_type .  (34)

	.  reduce 34


state 80
	factor : LP . math_stmt RP  (123)

	TIMESTAMP_PF  shift 25
	TEMPERATURE_PF  shift 26
	HUMIDITY_PF  shift 27
	AIR_PRESSURE_PF  shift 28
	AIR_QUALITY_PF  shift 29
	LIGHT_PF  shift 30
	SOUND_LEVEL_PF  shift 31
	LP  shift 80
	ESTABLISH_CONN_PF  shift 36
	INTEGER  shift 81
	DOUBLE  shift 82
	IDENTIFIER  shift 141
	.  error

	fcn_name  goto 54
	math_stmt  goto 142
	term  goto 90
	fcn_call  goto 91
	primitive_functions  goto 92
	power  goto 93
	factor  goto 94
	get_timestamp  goto 62
	get_temperature  goto 63
	get_humidity  goto 64
	get_air_pressure  goto 65
	get_air_quality  goto 66
	get_light  goto 67
	get_sound_level  goto 68
	send  goto 69
	read  goto 70
	establish_connection  goto 71


state 81
	factor : INTEGER .  (118)

	.  reduce 118


state 82
	factor : DOUBLE .  (119)

	.  reduce 119


state 83
	str_stmt_return : STRING .  (102)
	str_stmt_return : STRING . CONCAT_OP str_stmt  (103)

	CONCAT_OP  shift 143
	SEMICOLON  reduce 102


state 84
	num_comparable : CHAR .  (105)

	.  reduce 105


state 85
	str_stmt_return : IDENTIFIER . CONCAT_OP str_stmt  (104)
	factor : IDENTIFIER .  (120)
	fcn_name : IDENTIFIER .  (127)
	send : IDENTIFIER . DOT SEND_PF LP send_item RP  (146)
	read : IDENTIFIER . DOT READ_PF LP RP  (148)

	DOT  shift 108
	CONCAT_OP  shift 144
	LP  reduce 127
	SEMICOLON  reduce 120
	PLUS_OP  reduce 120
	MINUS_OP  reduce 120
	DIV_OP  reduce 120
	MULT_OP  reduce 120
	POWER_OP  reduce 120
	MODULO_OP  reduce 120


state 86
	num_comparable : math_stmt .  (106)
	math_stmt : math_stmt . PLUS_OP term  (107)
	math_stmt : math_stmt . MINUS_OP term  (108)

	PLUS_OP  shift 145
	MINUS_OP  shift 146
	AND_OP  reduce 106
	OR_OP  reduce 106
	GREATER_OP  reduce 106
	LESS_OP  reduce 106
	GREAT_OR_EQUAL_OP  reduce 106
	LESS_OR_EQUAL_OP  reduce 106
	EQUALITY_OP  reduce 106
	NOT_EQUALITY_OP  reduce 106
	RP  reduce 106
	SEMICOLON  reduce 106


state 87
	return_stmt : str_stmt_return .  (96)

	.  reduce 96


state 88
	return_stmt : num_comparable .  (97)

	.  reduce 97


state 89
	return_expr : RETURN return_stmt . SEMICOLON  (94)

	SEMICOLON  shift 147
	.  error


state 90
	math_stmt : term .  (109)
	term : term . MULT_OP power  (113)
	term : term . DIV_OP power  (114)
	term : term . MODULO_OP power  (115)

	DIV_OP  shift 148
	MULT_OP  shift 149
	MODULO_OP  shift 150
	AND_OP  reduce 109
	OR_OP  reduce 109
	GREATER_OP  reduce 109
	LESS_OP  reduce 109
	GREAT_OR_EQUAL_OP  reduce 109
	LESS_OR_EQUAL_OP  reduce 109
	EQUALITY_OP  reduce 109
	NOT_EQUALITY_OP  reduce 109
	RP  reduce 109
	SEMICOLON  reduce 109
	PLUS_OP  reduce 109
	MINUS_OP  reduce 109


state 91
	factor : fcn_call .  (121)

	.  reduce 121


state 92
	factor : primitive_functions .  (122)

	.  reduce 122


state 93
	term : power .  (112)
	power : power . POWER_OP factor  (116)

	POWER_OP  shift 151
	AND_OP  reduce 112
	OR_OP  reduce 112
	GREATER_OP  reduce 112
	LESS_OP  reduce 112
	GREAT_OR_EQUAL_OP  reduce 112
	LESS_OR_EQUAL_OP  reduce 112
	EQUALITY_OP  reduce 112
	NOT_EQUALITY_OP  reduce 112
	RP  reduce 112
	SEMICOLON  reduce 112
	PLUS_OP  reduce 112
	MINUS_OP  reduce 112
	DIV_OP  reduce 112
	MULT_OP  reduce 112
	MODULO_OP  reduce 112


state 94
	power : factor .  (117)

	.  reduce 117


state 95
	get_timestamp : TIMESTAMP_PF LP . RP  (139)

	RP  shift 152
	.  error


state 96
	get_temperature : TEMPERATURE_PF LP . RP  (140)

	RP  shift 153
	.  error


state 97
	get_humidity : HUMIDITY_PF LP . RP  (141)

	RP  shift 154
	.  error


state 98
	get_air_pressure : AIR_PRESSURE_PF LP . RP  (142)

	RP  shift 155
	.  error


state 99
	get_air_quality : AIR_QUALITY_PF LP . RP  (143)

	RP  shift 156
	.  error


state 100
	get_light : LIGHT_PF LP . RP  (144)

	RP  shift 157
	.  error


state 101
	get_sound_level : SOUND_LEVEL_PF LP . frequency RP  (145)

	DOUBLE  shift 158
	IDENTIFIER  shift 159
	.  error

	frequency  goto 160


state 102
	increment_operation : INCREMENT_OP IDENTIFIER .  (29)

	.  reduce 29


state 103
	decrement_operation : DECREMENT_OP IDENTIFIER .  (26)

	.  reduce 26


state 104
	establish_connection : ESTABLISH_CONN_PF LP . str_stmt RP  (150)

	STRING  shift 124
	IDENTIFIER  shift 161
	.  error

	str_stmt  goto 162


state 105
	increment_operation : IDENTIFIER INCREMENT_OP .  (28)

	.  reduce 28


state 106
	decrement_operation : IDENTIFIER DECREMENT_OP .  (25)

	.  reduce 25


state 107
	assignment_expr_no_sc : IDENTIFIER ASSIGN_OP . assignment_operand  (52)

	TRUE_LITERAL  shift 120
	FALSE_LITERAL  shift 121
	NEGATION_OP  shift 122
	TIMESTAMP_PF  shift 25
	TEMPERATURE_PF  shift 26
	HUMIDITY_PF  shift 27
	AIR_PRESSURE_PF  shift 28
	AIR_QUALITY_PF  shift 29
	LIGHT_PF  shift 30
	SOUND_LEVEL_PF  shift 31
	LP  shift 123
	SWITCH_IDENTIFIER  shift 163
	ESTABLISH_CONN_PF  shift 36
	INTEGER  shift 81
	DOUBLE  shift 82
	STRING  shift 164
	CHAR  shift 84
	IDENTIFIER  shift 165
	.  error

	boolean_list  goto 166
	fcn_name  goto 54
	math_stmt  goto 86
	assignment_operand  goto 167
	str_stmt_return  goto 168
	and_term  goto 127
	boolean_factor  goto 128
	boolean_expr  goto 129
	boolean_no_math  goto 130
	boolean_literal  goto 131
	num_compr_expr  goto 132
	string_compr_expr  goto 133
	num_comparable  goto 134
	str_stmt  goto 135
	term  goto 90
	fcn_call  goto 91
	primitive_functions  goto 92
	power  goto 93
	factor  goto 94
	get_timestamp  goto 62
	get_temperature  goto 63
	get_humidity  goto 64
	get_air_pressure  goto 65
	get_air_quality  goto 66
	get_light  goto 67
	get_sound_level  goto 68
	send  goto 69
	read  goto 70
	establish_connection  goto 71


state 108
	send : IDENTIFIER DOT . SEND_PF LP send_item RP  (146)
	read : IDENTIFIER DOT . READ_PF LP RP  (148)

	SEND_PF  shift 169
	READ_PF  shift 170
	.  error


state 109
	program : MAIN LP RP option_nl LBRACE stmt_list RBRACE . option_nl  (1)
	option_nl : .  (3)

	NL  shift 7
	$end  reduce 3

	option_nl  goto 171


state 110
	stmt_list : stmt stmt_list .  (6)

	.  reduce 6


state 111
	decrement_expr : decrement_operation SEMICOLON .  (24)

	.  reduce 24


state 112
	increment_expr : increment_operation SEMICOLON .  (27)

	.  reduce 27


state 113
	fcn_call : fcn_name LP . param_list_no_type RP  (128)
	param_list_no_type : .  (124)

	IDENTIFIER  shift 172
	RP  reduce 124

	param_list_no_type  goto 173


state 114
	declaration_expr : var_type IDENTIFIER . SEMICOLON  (49)
	assignment_expr_no_sc : IDENTIFIER . ASSIGN_OP assignment_operand  (52)

	SEMICOLON  shift 174
	ASSIGN_OP  shift 107
	.  error


state 115
	declaration_expr : var_type assignment_expr .  (50)

	.  reduce 50


state 116
	assignment_expr : assignment_expr_no_sc SEMICOLON .  (51)

	.  reduce 51


state 117
	fcn_call_expr : fcn_call SEMICOLON .  (110)

	.  reduce 110


state 118
	primitive_function_expr : primitive_functions SEMICOLON .  (111)

	.  reduce 111


state 119
	send : establish_connection DOT . SEND_PF LP send_item RP  (147)
	read : establish_connection DOT . READ_PF LP RP  (149)

	SEND_PF  shift 175
	READ_PF  shift 176
	.  error


state 120
	boolean_literal : TRUE_LITERAL .  (92)

	.  reduce 92


state 121
	boolean_literal : FALSE_LITERAL .  (93)

	.  reduce 93


state 122
	boolean_no_math : NEGATION_OP . boolean_no_math  (62)
	boolean_expr : NEGATION_OP . boolean_expr  (71)

	TRUE_LITERAL  shift 120
	FALSE_LITERAL  shift 121
	NEGATION_OP  shift 122
	TIMESTAMP_PF  shift 25
	TEMPERATURE_PF  shift 26
	HUMIDITY_PF  shift 27
	AIR_PRESSURE_PF  shift 28
	AIR_QUALITY_PF  shift 29
	LIGHT_PF  shift 30
	SOUND_LEVEL_PF  shift 31
	LP  shift 123
	ESTABLISH_CONN_PF  shift 36
	INTEGER  shift 81
	DOUBLE  shift 82
	STRING  shift 124
	CHAR  shift 84
	IDENTIFIER  shift 125
	.  error

	fcn_name  goto 54
	math_stmt  goto 86
	boolean_expr  goto 177
	boolean_no_math  goto 178
	boolean_literal  goto 131
	num_compr_expr  goto 132
	string_compr_expr  goto 133
	num_comparable  goto 134
	str_stmt  goto 135
	term  goto 90
	fcn_call  goto 91
	primitive_functions  goto 92
	power  goto 93
	factor  goto 94
	get_timestamp  goto 62
	get_temperature  goto 63
	get_humidity  goto 64
	get_air_pressure  goto 65
	get_air_quality  goto 66
	get_light  goto 67
	get_sound_level  goto 68
	send  goto 69
	read  goto 70
	establish_connection  goto 71


state 123
	boolean_no_math : LP . boolean_list OR_OP and_term RP  (63)
	boolean_no_math : LP . and_term AND_OP boolean_factor RP  (64)
	boolean_no_math : LP . boolean_literal RP  (65)
	boolean_no_math : LP . NEGATION_OP boolean_expr RP  (66)
	boolean_no_math : LP . num_compr_expr RP  (67)
	boolean_no_math : LP . string_compr_expr RP  (68)
	boolean_no_math : LP . boolean_no_math RP  (69)
	factor : LP . math_stmt RP  (123)

	TRUE_LITERAL  shift 120
	FALSE_LITERAL  shift 121
	NEGATION_OP  shift 179
	TIMESTAMP_PF  shift 25
	TEMPERATURE_PF  shift 26
	HUMIDITY_PF  shift 27
	AIR_PRESSURE_PF  shift 28
	AIR_QUALITY_PF  shift 29
	LIGHT_PF  shift 30
	SOUND_LEVEL_PF  shift 31
	LP  shift 123
	ESTABLISH_CONN_PF  shift 36
	INTEGER  shift 81
	DOUBLE  shift 82
	STRING  shift 124
	CHAR  shift 84
	IDENTIFIER  shift 125
	.  error

	boolean_list  goto 180
	fcn_name  goto 54
	math_stmt  goto 181
	and_term  goto 182
	boolean_factor  goto 128
	boolean_expr  goto 129
	boolean_no_math  goto 183
	boolean_literal  goto 184
	num_compr_expr  goto 185
	string_compr_expr  goto 186
	num_comparable  goto 134
	str_stmt  goto 135
	term  goto 90
	fcn_call  goto 91
	primitive_functions  goto 92
	power  goto 93
	factor  goto 94
	get_timestamp  goto 62
	get_temperature  goto 63
	get_humidity  goto 64
	get_air_pressure  goto 65
	get_air_quality  goto 66
	get_light  goto 67
	get_sound_level  goto 68
	send  goto 69
	read  goto 70
	establish_connection  goto 71


state 124
	str_stmt : STRING .  (98)
	str_stmt : STRING . CONCAT_OP str_stmt  (100)

	CONCAT_OP  shift 187
	AND_OP  reduce 98
	OR_OP  reduce 98
	RP  reduce 98
	SEMICOLON  reduce 98
	STR_EQUALITY_OP  reduce 98
	STR_NOT_EQUALITY_OP  reduce 98


state 125
	str_stmt : IDENTIFIER .  (99)
	str_stmt : IDENTIFIER . CONCAT_OP str_stmt  (101)
	factor : IDENTIFIER .  (120)
	fcn_name : IDENTIFIER .  (127)
	send : IDENTIFIER . DOT SEND_PF LP send_item RP  (146)
	read : IDENTIFIER . DOT READ_PF LP RP  (148)

	DOT  shift 108
	CONCAT_OP  shift 188
	AND_OP  reduce 120
	OR_OP  reduce 120
	GREATER_OP  reduce 120
	LESS_OP  reduce 120
	GREAT_OR_EQUAL_OP  reduce 120
	LESS_OR_EQUAL_OP  reduce 120
	EQUALITY_OP  reduce 120
	NOT_EQUALITY_OP  reduce 120
	LP  reduce 127
	RP  reduce 120
	SEMICOLON  reduce 120
	PLUS_OP  reduce 120
	MINUS_OP  reduce 120
	DIV_OP  reduce 120
	MULT_OP  reduce 120
	POWER_OP  reduce 120
	MODULO_OP  reduce 120
	STR_EQUALITY_OP  reduce 99
	STR_NOT_EQUALITY_OP  reduce 99


state 126
	if_stmt : IF LP boolean_list . RP option_nl LBRACE stmt_list RBRACE  (9)
	if_else_stmt : IF LP boolean_list . RP option_nl LBRACE stmt_list RBRACE option_nl ELSE option_nl LBRACE stmt_list RBRACE  (10)
	boolean_list : boolean_list . OR_OP and_term  (56)

	OR_OP  shift 189
	RP  shift 190
	.  error


state 127
	boolean_list : and_term .  (57)
	and_term : and_term . AND_OP boolean_factor  (58)

	AND_OP  shift 191
	OR_OP  reduce 57
	RP  reduce 57
	SEMICOLON  reduce 57


state 128
	and_term : boolean_factor .  (59)

	.  reduce 59


state 129
	boolean_factor : boolean_expr .  (60)

	.  reduce 60


state 130
	boolean_factor : boolean_no_math .  (61)

	.  reduce 61


state 131
	boolean_expr : boolean_literal .  (70)

	.  reduce 70


state 132
	boolean_expr : num_compr_expr .  (72)

	.  reduce 72


state 133
	boolean_expr : string_compr_expr .  (74)

	.  reduce 74


state 134
	boolean_expr : num_comparable .  (73)
	num_compr_expr : num_comparable . comparator_operator num_comparable  (75)

	GREATER_OP  shift 192
	LESS_OP  shift 193
	GREAT_OR_EQUAL_OP  shift 194
	LESS_OR_EQUAL_OP  shift 195
	EQUALITY_OP  shift 196
	NOT_EQUALITY_OP  shift 197
	AND_OP  reduce 73
	OR_OP  reduce 73
	RP  reduce 73
	SEMICOLON  reduce 73

	comparator_operator  goto 198


state 135
	string_compr_expr : str_stmt . equal_or_not_operator str_stmt  (76)

	STR_EQUALITY_OP  shift 199
	STR_NOT_EQUALITY_OP  shift 200
	.  error

	equal_or_not_operator  goto 201


state 136
	for_loop : FOR option_nl LP . for_expr RP option_nl LBRACE stmt_list RBRACE  (41)

	BOOLEAN_TYPE  shift 18
	INT_TYPE  shift 19
	STRING_TYPE  shift 20
	CHAR_TYPE  shift 21
	CONNECTION_TYPE  shift 22
	TIMESTAMP_TYPE  shift 23
	DOUBLE_TYPE  shift 24
	IDENTIFIER  shift 202
	.  error

	var_type  goto 203
	for_expr  goto 204
	for_init  goto 205
	assignment_expr_no_sc  goto 206


state 137
	while_loop : WHILE option_nl LP . boolean_list RP option_nl LBRACE stmt_list RBRACE  (39)

	TRUE_LITERAL  shift 120
	FALSE_LITERAL  shift 121
	NEGATION_OP  shift 122
	TIMESTAMP_PF  shift 25
	TEMPERATURE_PF  shift 26
	HUMIDITY_PF  shift 27
	AIR_PRESSURE_PF  shift 28
	AIR_QUALITY_PF  shift 29
	LIGHT_PF  shift 30
	SOUND_LEVEL_PF  shift 31
	LP  shift 123
	ESTABLISH_CONN_PF  shift 36
	INTEGER  shift 81
	DOUBLE  shift 82
	STRING  shift 124
	CHAR  shift 84
	IDENTIFIER  shift 125
	.  error

	boolean_list  goto 207
	fcn_name  goto 54
	math_stmt  goto 86
	and_term  goto 127
	boolean_factor  goto 128
	boolean_expr  goto 129
	boolean_no_math  goto 130
	boolean_literal  goto 131
	num_compr_expr  goto 132
	string_compr_expr  goto 133
	num_comparable  goto 134
	str_stmt  goto 135
	term  goto 90
	fcn_call  goto 91
	primitive_functions  goto 92
	power  goto 93
	factor  goto 94
	get_timestamp  goto 62
	get_temperature  goto 63
	get_humidity  goto 64
	get_air_pressure  goto 65
	get_air_quality  goto 66
	get_light  goto 67
	get_sound_level  goto 68
	send  goto 69
	read  goto 70
	establish_connection  goto 71


state 138
	do_while_loop : DO option_nl LBRACE . stmt_list RBRACE option_nl WHILE option_nl LP boolean_list RP SEMICOLON  (40)

	error  shift 11
	IF  shift 12
	FOR  shift 13
	WHILE  shift 14
	DO  shift 15
	FUNCTION_DEF  shift 16
	RETURN  shift 17
	BOOLEAN_TYPE  shift 18
	INT_TYPE  shift 19
	STRING_TYPE  shift 20
	CHAR_TYPE  shift 21
	CONNECTION_TYPE  shift 22
	TIMESTAMP_TYPE  shift 23
	DOUBLE_TYPE  shift 24
	TIMESTAMP_PF  shift 25
	TEMPERATURE_PF  shift 26
	HUMIDITY_PF  shift 27
	AIR_PRESSURE_PF  shift 28
	AIR_QUALITY_PF  shift 29
	LIGHT_PF  shift 30
	SOUND_LEVEL_PF  shift 31
	NL  shift 32
	SINGLE_LINE_COMMENT  shift 33
	INCREMENT_OP  shift 34
	DECREMENT_OP  shift 35
	ESTABLISH_CONN_PF  shift 36
	IDENTIFIER  shift 37
	.  error

	stmt_list  goto 208
	stmt  goto 39
	conditional  goto 40
	if_stmt  goto 41
	if_else_stmt  goto 42
	decrement_expr  goto 43
	increment_expr  goto 44
	declaration_expr  goto 45
	return_expr  goto 46
	assignment_expr  goto 47
	loop_expr  goto 48
	define_fcn  goto 49
	fcn_call_expr  goto 50
	primitive_function_expr  goto 51
	decrement_operation  goto 52
	increment_operation  goto 53
	fcn_name  goto 54
	var_type  goto 55
	while_loop  goto 56
	do_while_loop  goto 57
	for_loop  goto 58
	assignment_expr_no_sc  goto 59
	fcn_call  goto 60
	primitive_functions  goto 61
	get_timestamp  goto 62
	get_temperature  goto 63
	get_humidity  goto 64
	get_air_pressure  goto 65
	get_air_quality  goto 66
	get_light  goto 67
	get_sound_level  goto 68
	send  goto 69
	read  goto 70
	establish_connection  goto 71


state 139
	fcn_name : IDENTIFIER .  (127)

	.  reduce 127


state 140
	define_fcn : FUNCTION_DEF fcn_return_type fcn_name . LP param_list RP option_nl LBRACE stmt_list RBRACE  (30)

	LP  shift 209
	.  error


state 141
	factor : IDENTIFIER .  (120)
	fcn_name : IDENTIFIER .  (127)
	send : IDENTIFIER . DOT SEND_PF LP send_item RP  (146)
	read : IDENTIFIER . DOT READ_PF LP RP  (148)

	DOT  shift 108
	AND_OP  reduce 120
	OR_OP  reduce 120
	GREATER_OP  reduce 120
	LESS_OP  reduce 120
	GREAT_OR_EQUAL_OP  reduce 120
	LESS_OR_EQUAL_OP  reduce 120
	EQUALITY_OP  reduce 120
	NOT_EQUALITY_OP  reduce 120
	LP  reduce 127
	RP  reduce 120
	SEMICOLON  reduce 120
	PLUS_OP  reduce 120
	MINUS_OP  reduce 120
	DIV_OP  reduce 120
	MULT_OP  reduce 120
	POWER_OP  reduce 120
	MODULO_OP  reduce 120


state 142
	math_stmt : math_stmt . PLUS_OP term  (107)
	math_stmt : math_stmt . MINUS_OP term  (108)
	factor : LP math_stmt . RP  (123)

	RP  shift 210
	PLUS_OP  shift 145
	MINUS_OP  shift 146
	.  error


state 143
	str_stmt_return : STRING CONCAT_OP . str_stmt  (103)

	STRING  shift 124
	IDENTIFIER  shift 161
	.  error

	str_stmt  goto 211


state 144
	str_stmt_return : IDENTIFIER CONCAT_OP . str_stmt  (104)

	STRING  shift 124
	IDENTIFIER  shift 161
	.  error

	str_stmt  goto 212


state 145
	math_stmt : math_stmt PLUS_OP . term  (107)

	TIMESTAMP_PF  shift 25
	TEMPERATURE_PF  shift 26
	HUMIDITY_PF  shift 27
	AIR_PRESSURE_PF  shift 28
	AIR_QUALITY_PF  shift 29
	LIGHT_PF  shift 30
	SOUND_LEVEL_PF  shift 31
	LP  shift 80
	ESTABLISH_CONN_PF  shift 36
	INTEGER  shift 81
	DOUBLE  shift 82
	IDENTIFIER  shift 141
	.  error

	fcn_name  goto 54
	term  goto 213
	fcn_call  goto 91
	primitive_functions  goto 92
	power  goto 93
	factor  goto 94
	get_timestamp  goto 62
	get_temperature  goto 63
	get_humidity  goto 64
	get_air_pressure  goto 65
	get_air_quality  goto 66
	get_light  goto 67
	get_sound_level  goto 68
	send  goto 69
	read  goto 70
	establish_connection  goto 71


state 146
	math_stmt : math_stmt MINUS_OP . term  (108)

	TIMESTAMP_PF  shift 25
	TEMPERATURE_PF  shift 26
	HUMIDITY_PF  shift 27
	AIR_PRESSURE_PF  shift 28
	AIR_QUALITY_PF  shift 29
	LIGHT_PF  shift 30
	SOUND_LEVEL_PF  shift 31
	LP  shift 80
	ESTABLISH_CONN_PF  shift 36
	INTEGER  shift 81
	DOUBLE  shift 82
	IDENTIFIER  shift 141
	.  error

	fcn_name  goto 54
	term  goto 214
	fcn_call  goto 91
	primitive_functions  goto 92
	power  goto 93
	factor  goto 94
	get_timestamp  goto 62
	get_temperature  goto 63
	get_humidity  goto 64
	get_air_pressure  goto 65
	get_air_quality  goto 66
	get_light  goto 67
	get_sound_level  goto 68
	send  goto 69
	read  goto 70
	establish_connection  goto 71


state 147
	return_expr : RETURN return_stmt SEMICOLON .  (94)

	.  reduce 94


state 148
	term : term DIV_OP . power  (114)

	TIMESTAMP_PF  shift 25
	TEMPERATURE_PF  shift 26
	HUMIDITY_PF  shift 27
	AIR_PRESSURE_PF  shift 28
	AIR_QUALITY_PF  shift 29
	LIGHT_PF  shift 30
	SOUND_LEVEL_PF  shift 31
	LP  shift 80
	ESTABLISH_CONN_PF  shift 36
	INTEGER  shift 81
	DOUBLE  shift 82
	IDENTIFIER  shift 141
	.  error

	fcn_name  goto 54
	fcn_call  goto 91
	primitive_functions  goto 92
	power  goto 215
	factor  goto 94
	get_timestamp  goto 62
	get_temperature  goto 63
	get_humidity  goto 64
	get_air_pressure  goto 65
	get_air_quality  goto 66
	get_light  goto 67
	get_sound_level  goto 68
	send  goto 69
	read  goto 70
	establish_connection  goto 71


state 149
	term : term MULT_OP . power  (113)

	TIMESTAMP_PF  shift 25
	TEMPERATURE_PF  shift 26
	HUMIDITY_PF  shift 27
	AIR_PRESSURE_PF  shift 28
	AIR_QUALITY_PF  shift 29
	LIGHT_PF  shift 30
	SOUND_LEVEL_PF  shift 31
	LP  shift 80
	ESTABLISH_CONN_PF  shift 36
	INTEGER  shift 81
	DOUBLE  shift 82
	IDENTIFIER  shift 141
	.  error

	fcn_name  goto 54
	fcn_call  goto 91
	primitive_functions  goto 92
	power  goto 216
	factor  goto 94
	get_timestamp  goto 62
	get_temperature  goto 63
	get_humidity  goto 64
	get_air_pressure  goto 65
	get_air_quality  goto 66
	get_light  goto 67
	get_sound_level  goto 68
	send  goto 69
	read  goto 70
	establish_connection  goto 71


state 150
	term : term MODULO_OP . power  (115)

	TIMESTAMP_PF  shift 25
	TEMPERATURE_PF  shift 26
	HUMIDITY_PF  shift 27
	AIR_PRESSURE_PF  shift 28
	AIR_QUALITY_PF  shift 29
	LIGHT_PF  shift 30
	SOUND_LEVEL_PF  shift 31
	LP  shift 80
	ESTABLISH_CONN_PF  shift 36
	INTEGER  shift 81
	DOUBLE  shift 82
	IDENTIFIER  shift 141
	.  error

	fcn_name  goto 54
	fcn_call  goto 91
	primitive_functions  goto 92
	power  goto 217
	factor  goto 94
	get_timestamp  goto 62
	get_temperature  goto 63
	get_humidity  goto 64
	get_air_pressure  goto 65
	get_air_quality  goto 66
	get_light  goto 67
	get_sound_level  goto 68
	send  goto 69
	read  goto 70
	establish_connection  goto 71


state 151
	power : power POWER_OP . factor  (116)

	TIMESTAMP_PF  shift 25
	TEMPERATURE_PF  shift 26
	HUMIDITY_PF  shift 27
	AIR_PRESSURE_PF  shift 28
	AIR_QUALITY_PF  shift 29
	LIGHT_PF  shift 30
	SOUND_LEVEL_PF  shift 31
	LP  shift 80
	ESTABLISH_CONN_PF  shift 36
	INTEGER  shift 81
	DOUBLE  shift 82
	IDENTIFIER  shift 141
	.  error

	fcn_name  goto 54
	fcn_call  goto 91
	primitive_functions  goto 92
	factor  goto 218
	get_timestamp  goto 62
	get_temperature  goto 63
	get_humidity  goto 64
	get_air_pressure  goto 65
	get_air_quality  goto 66
	get_light  goto 67
	get_sound_level  goto 68
	send  goto 69
	read  goto 70
	establish_connection  goto 71


state 152
	get_timestamp : TIMESTAMP_PF LP RP .  (139)

	.  reduce 139


state 153
	get_temperature : TEMPERATURE_PF LP RP .  (140)

	.  reduce 140


state 154
	get_humidity : HUMIDITY_PF LP RP .  (141)

	.  reduce 141


state 155
	get_air_pressure : AIR_PRESSURE_PF LP RP .  (142)

	.  reduce 142


state 156
	get_air_quality : AIR_QUALITY_PF LP RP .  (143)

	.  reduce 143


state 157
	get_light : LIGHT_PF LP RP .  (144)

	.  reduce 144


state 158
	frequency : DOUBLE .  (154)

	.  reduce 154


state 159
	frequency : IDENTIFIER .  (153)

	.  reduce 153


state 160
	get_sound_level : SOUND_LEVEL_PF LP frequency . RP  (145)

	RP  shift 219
	.  error


state 161
	str_stmt : IDENTIFIER .  (99)
	str_stmt : IDENTIFIER . CONCAT_OP str_stmt  (101)

	CONCAT_OP  shift 188
	AND_OP  reduce 99
	OR_OP  reduce 99
	RP  reduce 99
	SEMICOLON  reduce 99
	STR_EQUALITY_OP  reduce 99
	STR_NOT_EQUALITY_OP  reduce 99


state 162
	establish_connection : ESTABLISH_CONN_PF LP str_stmt . RP  (150)

	RP  shift 220
	.  error


state 163
	assignment_operand : SWITCH_IDENTIFIER .  (54)

	.  reduce 54


state 164
	str_stmt : STRING .  (98)
	str_stmt : STRING . CONCAT_OP str_stmt  (100)
	str_stmt_return : STRING .  (102)
	str_stmt_return : STRING . CONCAT_OP str_stmt  (103)

	CONCAT_OP  shift 221
	RP  reduce 102
	SEMICOLON  reduce 102
	STR_EQUALITY_OP  reduce 98
	STR_NOT_EQUALITY_OP  reduce 98


state 165
	str_stmt : IDENTIFIER .  (99)
	str_stmt : IDENTIFIER . CONCAT_OP str_stmt  (101)
	str_stmt_return : IDENTIFIER . CONCAT_OP str_stmt  (104)
	factor : IDENTIFIER .  (120)
	fcn_name : IDENTIFIER .  (127)
	send : IDENTIFIER . DOT SEND_PF LP send_item RP  (146)
	read : IDENTIFIER . DOT READ_PF LP RP  (148)

	DOT  shift 108
	CONCAT_OP  shift 222
	AND_OP  reduce 120
	OR_OP  reduce 120
	GREATER_OP  reduce 120
	LESS_OP  reduce 120
	GREAT_OR_EQUAL_OP  reduce 120
	LESS_OR_EQUAL_OP  reduce 120
	EQUALITY_OP  reduce 120
	NOT_EQUALITY_OP  reduce 120
	LP  reduce 127
	RP  reduce 120
	SEMICOLON  reduce 120
	PLUS_OP  reduce 120
	MINUS_OP  reduce 120
	DIV_OP  reduce 120
	MULT_OP  reduce 120
	POWER_OP  reduce 120
	MODULO_OP  reduce 120
	STR_EQUALITY_OP  reduce 99
	STR_NOT_EQUALITY_OP  reduce 99


state 166
	assignment_operand : boolean_list .  (55)
	boolean_list : boolean_list . OR_OP and_term  (56)

	OR_OP  shift 189
	RP  reduce 55
	SEMICOLON  reduce 55


state 167
	assignment_expr_no_sc : IDENTIFIER ASSIGN_OP assignment_operand .  (52)

	.  reduce 52


state 168
	assignment_operand : str_stmt_return .  (53)

	.  reduce 53


state 169
	send : IDENTIFIER DOT SEND_PF . LP send_item RP  (146)

	LP  shift 223
	.  error


state 170
	read : IDENTIFIER DOT READ_PF . LP RP  (148)

	LP  shift 224
	.  error


state 171
	program : MAIN LP RP option_nl LBRACE stmt_list RBRACE option_nl .  (1)

	.  reduce 1


state 172
	param_list_no_type : IDENTIFIER .  (125)
	param_list_no_type : IDENTIFIER . COMMA param_list_no_type  (126)

	COMMA  shift 225
	RP  reduce 125


state 173
	fcn_call : fcn_name LP param_list_no_type . RP  (128)

	RP  shift 226
	.  error


state 174
	declaration_expr : var_type IDENTIFIER SEMICOLON .  (49)

	.  reduce 49


state 175
	send : establish_connection DOT SEND_PF . LP send_item RP  (147)

	LP  shift 227
	.  error


state 176
	read : establish_connection DOT READ_PF . LP RP  (149)

	LP  shift 228
	.  error


state 177
	boolean_expr : NEGATION_OP boolean_expr .  (71)

	.  reduce 71


state 178
	boolean_no_math : NEGATION_OP boolean_no_math .  (62)

	.  reduce 62


state 179
	boolean_no_math : NEGATION_OP . boolean_no_math  (62)
	boolean_no_math : LP NEGATION_OP . boolean_expr RP  (66)
	boolean_expr : NEGATION_OP . boolean_expr  (71)

	TRUE_LITERAL  shift 120
	FALSE_LITERAL  shift 121
	NEGATION_OP  shift 122
	TIMESTAMP_PF  shift 25
	TEMPERATURE_PF  shift 26
	HUMIDITY_PF  shift 27
	AIR_PRESSURE_PF  shift 28
	AIR_QUALITY_PF  shift 29
	LIGHT_PF  shift 30
	SOUND_LEVEL_PF  shift 31
	LP  shift 123
	ESTABLISH_CONN_PF  shift 36
	INTEGER  shift 81
	DOUBLE  shift 82
	STRING  shift 124
	CHAR  shift 84
	IDENTIFIER  shift 125
	.  error

	fcn_name  goto 54
	math_stmt  goto 86
	boolean_expr  goto 229
	boolean_no_math  goto 178
	boolean_literal  goto 131
	num_compr_expr  goto 132
	string_compr_expr  goto 133
	num_comparable  goto 134
	str_stmt  goto 135
	term  goto 90
	fcn_call  goto 91
	primitive_functions  goto 92
	power  goto 93
	factor  goto 94
	get_timestamp  goto 62
	get_temperature  goto 63
	get_humidity  goto 64
	get_air_pressure  goto 65
	get_air_quality  goto 66
	get_light  goto 67
	get_sound_level  goto 68
	send  goto 69
	read  goto 70
	establish_connection  goto 71


state 180
	boolean_list : boolean_list . OR_OP and_term  (56)
	boolean_no_math : LP boolean_list . OR_OP and_term RP  (63)

	OR_OP  shift 230
	.  error


state 181
	num_comparable : math_stmt .  (106)
	math_stmt : math_stmt . PLUS_OP term  (107)
	math_stmt : math_stmt . MINUS_OP term  (108)
	factor : LP math_stmt . RP  (123)

	RP  shift 210
	PLUS_OP  shift 145
	MINUS_OP  shift 146
	AND_OP  reduce 106
	OR_OP  reduce 106
	GREATER_OP  reduce 106
	LESS_OP  reduce 106
	GREAT_OR_EQUAL_OP  reduce 106
	LESS_OR_EQUAL_OP  reduce 106
	EQUALITY_OP  reduce 106
	NOT_EQUALITY_OP  reduce 106


state 182
	boolean_list : and_term .  (57)
	and_term : and_term . AND_OP boolean_factor  (58)
	boolean_no_math : LP and_term . AND_OP boolean_factor RP  (64)

	AND_OP  shift 231
	OR_OP  reduce 57


state 183
	boolean_factor : boolean_no_math .  (61)
	boolean_no_math : LP boolean_no_math . RP  (69)

	RP  shift 232
	AND_OP  reduce 61
	OR_OP  reduce 61


state 184
	boolean_no_math : LP boolean_literal . RP  (65)
	boolean_expr : boolean_literal .  (70)

	RP  shift 233
	AND_OP  reduce 70
	OR_OP  reduce 70


state 185
	boolean_no_math : LP num_compr_expr . RP  (67)
	boolean_expr : num_compr_expr .  (72)

	RP  shift 234
	AND_OP  reduce 72
	OR_OP  reduce 72


state 186
	boolean_no_math : LP string_compr_expr . RP  (68)
	boolean_expr : string_compr_expr .  (74)

	RP  shift 235
	AND_OP  reduce 74
	OR_OP  reduce 74


state 187
	str_stmt : STRING CONCAT_OP . str_stmt  (100)

	STRING  shift 124
	IDENTIFIER  shift 161
	.  error

	str_stmt  goto 236


state 188
	str_stmt : IDENTIFIER CONCAT_OP . str_stmt  (101)

	STRING  shift 124
	IDENTIFIER  shift 161
	.  error

	str_stmt  goto 237


state 189
	boolean_list : boolean_list OR_OP . and_term  (56)

	TRUE_LITERAL  shift 120
	FALSE_LITERAL  shift 121
	NEGATION_OP  shift 122
	TIMESTAMP_PF  shift 25
	TEMPERATURE_PF  shift 26
	HUMIDITY_PF  shift 27
	AIR_PRESSURE_PF  shift 28
	AIR_QUALITY_PF  shift 29
	LIGHT_PF  shift 30
	SOUND_LEVEL_PF  shift 31
	LP  shift 123
	ESTABLISH_CONN_PF  shift 36
	INTEGER  shift 81
	DOUBLE  shift 82
	STRING  shift 124
	CHAR  shift 84
	IDENTIFIER  shift 125
	.  error

	fcn_name  goto 54
	math_stmt  goto 86
	and_term  goto 238
	boolean_factor  goto 128
	boolean_expr  goto 129
	boolean_no_math  goto 130
	boolean_literal  goto 131
	num_compr_expr  goto 132
	string_compr_expr  goto 133
	num_comparable  goto 134
	str_stmt  goto 135
	term  goto 90
	fcn_call  goto 91
	primitive_functions  goto 92
	power  goto 93
	factor  goto 94
	get_timestamp  goto 62
	get_temperature  goto 63
	get_humidity  goto 64
	get_air_pressure  goto 65
	get_air_quality  goto 66
	get_light  goto 67
	get_sound_level  goto 68
	send  goto 69
	read  goto 70
	establish_connection  goto 71


state 190
	if_stmt : IF LP boolean_list RP . option_nl LBRACE stmt_list RBRACE  (9)
	if_else_stmt : IF LP boolean_list RP . option_nl LBRACE stmt_list RBRACE option_nl ELSE option_nl LBRACE stmt_list RBRACE  (10)
	option_nl : .  (3)

	NL  shift 7
	LBRACE  reduce 3

	option_nl  goto 239


state 191
	and_term : and_term AND_OP . boolean_factor  (58)

	TRUE_LITERAL  shift 120
	FALSE_LITERAL  shift 121
	NEGATION_OP  shift 122
	TIMESTAMP_PF  shift 25
	TEMPERATURE_PF  shift 26
	HUMIDITY_PF  shift 27
	AIR_PRESSURE_PF  shift 28
	AIR_QUALITY_PF  shift 29
	LIGHT_PF  shift 30
	SOUND_LEVEL_PF  shift 31
	LP  shift 123
	ESTABLISH_CONN_PF  shift 36
	INTEGER  shift 81
	DOUBLE  shift 82
	STRING  shift 124
	CHAR  shift 84
	IDENTIFIER  shift 125
	.  error

	fcn_name  goto 54
	math_stmt  goto 86
	boolean_factor  goto 240
	boolean_expr  goto 129
	boolean_no_math  goto 130
	boolean_literal  goto 131
	num_compr_expr  goto 132
	string_compr_expr  goto 133
	num_comparable  goto 134
	str_stmt  goto 135
	term  goto 90
	fcn_call  goto 91
	primitive_functions  goto 92
	power  goto 93
	factor  goto 94
	get_timestamp  goto 62
	get_temperature  goto 63
	get_humidity  goto 64
	get_air_pressure  goto 65
	get_air_quality  goto 66
	get_light  goto 67
	get_sound_level  goto 68
	send  goto 69
	read  goto 70
	establish_connection  goto 71


state 192
	comparator_operator : GREATER_OP .  (77)

	.  reduce 77


state 193
	comparator_operator : LESS_OP .  (78)

	.  reduce 78


state 194
	comparator_operator : GREAT_OR_EQUAL_OP .  (79)

	.  reduce 79


state 195
	comparator_operator : LESS_OR_EQUAL_OP .  (80)

	.  reduce 80


state 196
	comparator_operator : EQUALITY_OP .  (81)

	.  reduce 81


state 197
	comparator_operator : NOT_EQUALITY_OP .  (82)

	.  reduce 82


state 198
	num_compr_expr : num_comparable comparator_operator . num_comparable  (75)

	TIMESTAMP_PF  shift 25
	TEMPERATURE_PF  shift 26
	HUMIDITY_PF  shift 27
	AIR_PRESSURE_PF  shift 28
	AIR_QUALITY_PF  shift 29
	LIGHT_PF  shift 30
	SOUND_LEVEL_PF  shift 31
	LP  shift 80
	ESTABLISH_CONN_PF  shift 36
	INTEGER  shift 81
	DOUBLE  shift 82
	CHAR  shift 84
	IDENTIFIER  shift 141
	.  error

	fcn_name  goto 54
	math_stmt  goto 86
	num_comparable  goto 241
	term  goto 90
	fcn_call  goto 91
	primitive_functions  goto 92
	power  goto 93
	factor  goto 94
	get_timestamp  goto 62
	get_temperature  goto 63
	get_humidity  goto 64
	get_air_pressure  goto 65
	get_air_quality  goto 66
	get_light  goto 67
	get_sound_level  goto 68
	send  goto 69
	read  goto 70
	establish_connection  goto 71


state 199
	equal_or_not_operator : STR_EQUALITY_OP .  (83)

	.  reduce 83


state 200
	equal_or_not_operator : STR_NOT_EQUALITY_OP .  (84)

	.  reduce 84


state 201
	string_compr_expr : str_stmt equal_or_not_operator . str_stmt  (76)

	STRING  shift 124
	IDENTIFIER  shift 161
	.  error

	str_stmt  goto 242


state 202
	assignment_expr_no_sc : IDENTIFIER . ASSIGN_OP assignment_operand  (52)

	ASSIGN_OP  shift 107
	.  error


state 203
	for_init : var_type . assignment_expr_no_sc  (43)

	IDENTIFIER  shift 202
	.  error

	assignment_expr_no_sc  goto 243


state 204
	for_loop : FOR option_nl LP for_expr . RP option_nl LBRACE stmt_list RBRACE  (41)

	RP  shift 244
	.  error


state 205
	for_expr : for_init . SEMICOLON boolean_list SEMICOLON for_update  (42)

	SEMICOLON  shift 245
	.  error


state 206
	for_init : assignment_expr_no_sc .  (44)

	.  reduce 44


state 207
	while_loop : WHILE option_nl LP boolean_list . RP option_nl LBRACE stmt_list RBRACE  (39)
	boolean_list : boolean_list . OR_OP and_term  (56)

	OR_OP  shift 189
	RP  shift 246
	.  error


state 208
	do_while_loop : DO option_nl LBRACE stmt_list . RBRACE option_nl WHILE option_nl LP boolean_list RP SEMICOLON  (40)

	RBRACE  shift 247
	.  error


state 209
	define_fcn : FUNCTION_DEF fcn_return_type fcn_name LP . param_list RP option_nl LBRACE stmt_list RBRACE  (30)
	param_list : .  (31)

	BOOLEAN_TYPE  shift 18
	INT_TYPE  shift 19
	STRING_TYPE  shift 20
	CHAR_TYPE  shift 21
	CONNECTION_TYPE  shift 22
	TIMESTAMP_TYPE  shift 23
	DOUBLE_TYPE  shift 24
	RP  reduce 31

	param_list  goto 248
	var_type  goto 249


state 210
	factor : LP math_stmt RP .  (123)

	.  reduce 123


state 211
	str_stmt_return : STRING CONCAT_OP str_stmt .  (103)

	.  reduce 103


state 212
	str_stmt_return : IDENTIFIER CONCAT_OP str_stmt .  (104)

	.  reduce 104


state 213
	math_stmt : math_stmt PLUS_OP term .  (107)
	term : term . MULT_OP power  (113)
	term : term . DIV_OP power  (114)
	term : term . MODULO_OP power  (115)

	DIV_OP  shift 148
	MULT_OP  shift 149
	MODULO_OP  shift 150
	AND_OP  reduce 107
	OR_OP  reduce 107
	GREATER_OP  reduce 107
	LESS_OP  reduce 107
	GREAT_OR_EQUAL_OP  reduce 107
	LESS_OR_EQUAL_OP  reduce 107
	EQUALITY_OP  reduce 107
	NOT_EQUALITY_OP  reduce 107
	RP  reduce 107
	SEMICOLON  reduce 107
	PLUS_OP  reduce 107
	MINUS_OP  reduce 107


state 214
	math_stmt : math_stmt MINUS_OP term .  (108)
	term : term . MULT_OP power  (113)
	term : term . DIV_OP power  (114)
	term : term . MODULO_OP power  (115)

	DIV_OP  shift 148
	MULT_OP  shift 149
	MODULO_OP  shift 150
	AND_OP  reduce 108
	OR_OP  reduce 108
	GREATER_OP  reduce 108
	LESS_OP  reduce 108
	GREAT_OR_EQUAL_OP  reduce 108
	LESS_OR_EQUAL_OP  reduce 108
	EQUALITY_OP  reduce 108
	NOT_EQUALITY_OP  reduce 108
	RP  reduce 108
	SEMICOLON  reduce 108
	PLUS_OP  reduce 108
	MINUS_OP  reduce 108


state 215
	term : term DIV_OP power .  (114)
	power : power . POWER_OP factor  (116)

	POWER_OP  shift 151
	AND_OP  reduce 114
	OR_OP  reduce 114
	GREATER_OP  reduce 114
	LESS_OP  reduce 114
	GREAT_OR_EQUAL_OP  reduce 114
	LESS_OR_EQUAL_OP  reduce 114
	EQUALITY_OP  reduce 114
	NOT_EQUALITY_OP  reduce 114
	RP  reduce 114
	SEMICOLON  reduce 114
	PLUS_OP  reduce 114
	MINUS_OP  reduce 114
	DIV_OP  reduce 114
	MULT_OP  reduce 114
	MODULO_OP  reduce 114


state 216
	term : term MULT_OP power .  (113)
	power : power . POWER_OP factor  (116)

	POWER_OP  shift 151
	AND_OP  reduce 113
	OR_OP  reduce 113
	GREATER_OP  reduce 113
	LESS_OP  reduce 113
	GREAT_OR_EQUAL_OP  reduce 113
	LESS_OR_EQUAL_OP  reduce 113
	EQUALITY_OP  reduce 113
	NOT_EQUALITY_OP  reduce 113
	RP  reduce 113
	SEMICOLON  reduce 113
	PLUS_OP  reduce 113
	MINUS_OP  reduce 113
	DIV_OP  reduce 113
	MULT_OP  reduce 113
	MODULO_OP  reduce 113


state 217
	term : term MODULO_OP power .  (115)
	power : power . POWER_OP factor  (116)

	POWER_OP  shift 151
	AND_OP  reduce 115
	OR_OP  reduce 115
	GREATER_OP  reduce 115
	LESS_OP  reduce 115
	GREAT_OR_EQUAL_OP  reduce 115
	LESS_OR_EQUAL_OP  reduce 115
	EQUALITY_OP  reduce 115
	NOT_EQUALITY_OP  reduce 115
	RP  reduce 115
	SEMICOLON  reduce 115
	PLUS_OP  reduce 115
	MINUS_OP  reduce 115
	DIV_OP  reduce 115
	MULT_OP  reduce 115
	MODULO_OP  reduce 115


state 218
	power : power POWER_OP factor .  (116)

	.  reduce 116


state 219
	get_sound_level : SOUND_LEVEL_PF LP frequency RP .  (145)

	.  reduce 145


state 220
	establish_connection : ESTABLISH_CONN_PF LP str_stmt RP .  (150)

	.  reduce 150


state 221
	str_stmt : STRING CONCAT_OP . str_stmt  (100)
	str_stmt_return : STRING CONCAT_OP . str_stmt  (103)

	STRING  shift 124
	IDENTIFIER  shift 161
	.  error

	str_stmt  goto 250


state 222
	str_stmt : IDENTIFIER CONCAT_OP . str_stmt  (101)
	str_stmt_return : IDENTIFIER CONCAT_OP . str_stmt  (104)

	STRING  shift 124
	IDENTIFIER  shift 161
	.  error

	str_stmt  goto 251


state 223
	send : IDENTIFIER DOT SEND_PF LP . send_item RP  (146)

	INTEGER  shift 252
	IDENTIFIER  shift 253
	.  error

	send_item  goto 254


state 224
	read : IDENTIFIER DOT READ_PF LP . RP  (148)

	RP  shift 255
	.  error


state 225
	param_list_no_type : IDENTIFIER COMMA . param_list_no_type  (126)
	param_list_no_type : .  (124)

	IDENTIFIER  shift 172
	RP  reduce 124

	param_list_no_type  goto 256


state 226
	fcn_call : fcn_name LP param_list_no_type RP .  (128)

	.  reduce 128


state 227
	send : establish_connection DOT SEND_PF LP . send_item RP  (147)

	INTEGER  shift 252
	IDENTIFIER  shift 253
	.  error

	send_item  goto 257


state 228
	read : establish_connection DOT READ_PF LP . RP  (149)

	RP  shift 258
	.  error


state 229
	boolean_no_math : LP NEGATION_OP boolean_expr . RP  (66)
	boolean_expr : NEGATION_OP boolean_expr .  (71)

	RP  shift 259
	AND_OP  reduce 71
	OR_OP  reduce 71


state 230
	boolean_list : boolean_list OR_OP . and_term  (56)
	boolean_no_math : LP boolean_list OR_OP . and_term RP  (63)

	TRUE_LITERAL  shift 120
	FALSE_LITERAL  shift 121
	NEGATION_OP  shift 122
	TIMESTAMP_PF  shift 25
	TEMPERATURE_PF  shift 26
	HUMIDITY_PF  shift 27
	AIR_PRESSURE_PF  shift 28
	AIR_QUALITY_PF  shift 29
	LIGHT_PF  shift 30
	SOUND_LEVEL_PF  shift 31
	LP  shift 123
	ESTABLISH_CONN_PF  shift 36
	INTEGER  shift 81
	DOUBLE  shift 82
	STRING  shift 124
	CHAR  shift 84
	IDENTIFIER  shift 125
	.  error

	fcn_name  goto 54
	math_stmt  goto 86
	and_term  goto 260
	boolean_factor  goto 128
	boolean_expr  goto 129
	boolean_no_math  goto 130
	boolean_literal  goto 131
	num_compr_expr  goto 132
	string_compr_expr  goto 133
	num_comparable  goto 134
	str_stmt  goto 135
	term  goto 90
	fcn_call  goto 91
	primitive_functions  goto 92
	power  goto 93
	factor  goto 94
	get_timestamp  goto 62
	get_temperature  goto 63
	get_humidity  goto 64
	get_air_pressure  goto 65
	get_air_quality  goto 66
	get_light  goto 67
	get_sound_level  goto 68
	send  goto 69
	read  goto 70
	establish_connection  goto 71


state 231
	and_term : and_term AND_OP . boolean_factor  (58)
	boolean_no_math : LP and_term AND_OP . boolean_factor RP  (64)

	TRUE_LITERAL  shift 120
	FALSE_LITERAL  shift 121
	NEGATION_OP  shift 122
	TIMESTAMP_PF  shift 25
	TEMPERATURE_PF  shift 26
	HUMIDITY_PF  shift 27
	AIR_PRESSURE_PF  shift 28
	AIR_QUALITY_PF  shift 29
	LIGHT_PF  shift 30
	SOUND_LEVEL_PF  shift 31
	LP  shift 123
	ESTABLISH_CONN_PF  shift 36
	INTEGER  shift 81
	DOUBLE  shift 82
	STRING  shift 124
	CHAR  shift 84
	IDENTIFIER  shift 125
	.  error

	fcn_name  goto 54
	math_stmt  goto 86
	boolean_factor  goto 261
	boolean_expr  goto 129
	boolean_no_math  goto 130
	boolean_literal  goto 131
	num_compr_expr  goto 132
	string_compr_expr  goto 133
	num_comparable  goto 134
	str_stmt  goto 135
	term  goto 90
	fcn_call  goto 91
	primitive_functions  goto 92
	power  goto 93
	factor  goto 94
	get_timestamp  goto 62
	get_temperature  goto 63
	get_humidity  goto 64
	get_air_pressure  goto 65
	get_air_quality  goto 66
	get_light  goto 67
	get_sound_level  goto 68
	send  goto 69
	read  goto 70
	establish_connection  goto 71


state 232
	boolean_no_math : LP boolean_no_math RP .  (69)

	.  reduce 69


state 233
	boolean_no_math : LP boolean_literal RP .  (65)

	.  reduce 65


state 234
	boolean_no_math : LP num_compr_expr RP .  (67)

	.  reduce 67


state 235
	boolean_no_math : LP string_compr_expr RP .  (68)

	.  reduce 68


state 236
	str_stmt : STRING CONCAT_OP str_stmt .  (100)

	.  reduce 100


state 237
	str_stmt : IDENTIFIER CONCAT_OP str_stmt .  (101)

	.  reduce 101


state 238
	boolean_list : boolean_list OR_OP and_term .  (56)
	and_term : and_term . AND_OP boolean_factor  (58)

	AND_OP  shift 191
	OR_OP  reduce 56
	RP  reduce 56
	SEMICOLON  reduce 56


state 239
	if_stmt : IF LP boolean_list RP option_nl . LBRACE stmt_list RBRACE  (9)
	if_else_stmt : IF LP boolean_list RP option_nl . LBRACE stmt_list RBRACE option_nl ELSE option_nl LBRACE stmt_list RBRACE  (10)

	LBRACE  shift 262
	.  error


state 240
	and_term : and_term AND_OP boolean_factor .  (58)

	.  reduce 58


state 241
	num_compr_expr : num_comparable comparator_operator num_comparable .  (75)

	.  reduce 75


state 242
	string_compr_expr : str_stmt equal_or_not_operator str_stmt .  (76)

	.  reduce 76


state 243
	for_init : var_type assignment_expr_no_sc .  (43)

	.  reduce 43


state 244
	for_loop : FOR option_nl LP for_expr RP . option_nl LBRACE stmt_list RBRACE  (41)
	option_nl : .  (3)

	NL  shift 7
	LBRACE  reduce 3

	option_nl  goto 263


state 245
	for_expr : for_init SEMICOLON . boolean_list SEMICOLON for_update  (42)

	TRUE_LITERAL  shift 120
	FALSE_LITERAL  shift 121
	NEGATION_OP  shift 122
	TIMESTAMP_PF  shift 25
	TEMPERATURE_PF  shift 26
	HUMIDITY_PF  shift 27
	AIR_PRESSURE_PF  shift 28
	AIR_QUALITY_PF  shift 29
	LIGHT_PF  shift 30
	SOUND_LEVEL_PF  shift 31
	LP  shift 123
	ESTABLISH_CONN_PF  shift 36
	INTEGER  shift 81
	DOUBLE  shift 82
	STRING  shift 124
	CHAR  shift 84
	IDENTIFIER  shift 125
	.  error

	boolean_list  goto 264
	fcn_name  goto 54
	math_stmt  goto 86
	and_term  goto 127
	boolean_factor  goto 128
	boolean_expr  goto 129
	boolean_no_math  goto 130
	boolean_literal  goto 131
	num_compr_expr  goto 132
	string_compr_expr  goto 133
	num_comparable  goto 134
	str_stmt  goto 135
	term  goto 90
	fcn_call  goto 91
	primitive_functions  goto 92
	power  goto 93
	factor  goto 94
	get_timestamp  goto 62
	get_temperature  goto 63
	get_humidity  goto 64
	get_air_pressure  goto 65
	get_air_quality  goto 66
	get_light  goto 67
	get_sound_level  goto 68
	send  goto 69
	read  goto 70
	establish_connection  goto 71


state 246
	while_loop : WHILE option_nl LP boolean_list RP . option_nl LBRACE stmt_list RBRACE  (39)
	option_nl : .  (3)

	NL  shift 7
	LBRACE  reduce 3

	option_nl  goto 265


state 247
	do_while_loop : DO option_nl LBRACE stmt_list RBRACE . option_nl WHILE option_nl LP boolean_list RP SEMICOLON  (40)
	option_nl : .  (3)

	NL  shift 7
	WHILE  reduce 3

	option_nl  goto 266


state 248
	define_fcn : FUNCTION_DEF fcn_return_type fcn_name LP param_list . RP option_nl LBRACE stmt_list RBRACE  (30)

	RP  shift 267
	.  error


state 249
	param_list : var_type . IDENTIFIER  (32)
	param_list : var_type . IDENTIFIER COMMA param_list  (33)

	IDENTIFIER  shift 268
	.  error


state 250
	str_stmt : STRING CONCAT_OP str_stmt .  (100)
	str_stmt_return : STRING CONCAT_OP str_stmt .  (103)

	RP  reduce 103
	SEMICOLON  reduce 103
	STR_EQUALITY_OP  reduce 100
	STR_NOT_EQUALITY_OP  reduce 100


state 251
	str_stmt : IDENTIFIER CONCAT_OP str_stmt .  (101)
	str_stmt_return : IDENTIFIER CONCAT_OP str_stmt .  (104)

	RP  reduce 104
	SEMICOLON  reduce 104
	STR_EQUALITY_OP  reduce 101
	STR_NOT_EQUALITY_OP  reduce 101


state 252
	send_item : INTEGER .  (151)

	.  reduce 151


state 253
	send_item : IDENTIFIER .  (152)

	.  reduce 152


state 254
	send : IDENTIFIER DOT SEND_PF LP send_item . RP  (146)

	RP  shift 269
	.  error


state 255
	read : IDENTIFIER DOT READ_PF LP RP .  (148)

	.  reduce 148


state 256
	param_list_no_type : IDENTIFIER COMMA param_list_no_type .  (126)

	.  reduce 126


state 257
	send : establish_connection DOT SEND_PF LP send_item . RP  (147)

	RP  shift 270
	.  error


state 258
	read : establish_connection DOT READ_PF LP RP .  (149)

	.  reduce 149


state 259
	boolean_no_math : LP NEGATION_OP boolean_expr RP .  (66)

	.  reduce 66


state 260
	boolean_list : boolean_list OR_OP and_term .  (56)
	and_term : and_term . AND_OP boolean_factor  (58)
	boolean_no_math : LP boolean_list OR_OP and_term . RP  (63)

	AND_OP  shift 191
	RP  shift 271
	OR_OP  reduce 56


state 261
	and_term : and_term AND_OP boolean_factor .  (58)
	boolean_no_math : LP and_term AND_OP boolean_factor . RP  (64)

	RP  shift 272
	AND_OP  reduce 58
	OR_OP  reduce 58


state 262
	if_stmt : IF LP boolean_list RP option_nl LBRACE . stmt_list RBRACE  (9)
	if_else_stmt : IF LP boolean_list RP option_nl LBRACE . stmt_list RBRACE option_nl ELSE option_nl LBRACE stmt_list RBRACE  (10)

	error  shift 11
	IF  shift 12
	FOR  shift 13
	WHILE  shift 14
	DO  shift 15
	FUNCTION_DEF  shift 16
	RETURN  shift 17
	BOOLEAN_TYPE  shift 18
	INT_TYPE  shift 19
	STRING_TYPE  shift 20
	CHAR_TYPE  shift 21
	CONNECTION_TYPE  shift 22
	TIMESTAMP_TYPE  shift 23
	DOUBLE_TYPE  shift 24
	TIMESTAMP_PF  shift 25
	TEMPERATURE_PF  shift 26
	HUMIDITY_PF  shift 27
	AIR_PRESSURE_PF  shift 28
	AIR_QUALITY_PF  shift 29
	LIGHT_PF  shift 30
	SOUND_LEVEL_PF  shift 31
	NL  shift 32
	SINGLE_LINE_COMMENT  shift 33
	INCREMENT_OP  shift 34
	DECREMENT_OP  shift 35
	ESTABLISH_CONN_PF  shift 36
	IDENTIFIER  shift 37
	.  error

	stmt_list  goto 273
	stmt  goto 39
	conditional  goto 40
	if_stmt  goto 41
	if_else_stmt  goto 42
	decrement_expr  goto 43
	increment_expr  goto 44
	declaration_expr  goto 45
	return_expr  goto 46
	assignment_expr  goto 47
	loop_expr  goto 48
	define_fcn  goto 49
	fcn_call_expr  goto 50
	primitive_function_expr  goto 51
	decrement_operation  goto 52
	increment_operation  goto 53
	fcn_name  goto 54
	var_type  goto 55
	while_loop  goto 56
	do_while_loop  goto 57
	for_loop  goto 58
	assignment_expr_no_sc  goto 59
	fcn_call  goto 60
	primitive_functions  goto 61
	get_timestamp  goto 62
	get_temperature  goto 63
	get_humidity  goto 64
	get_air_pressure  goto 65
	get_air_quality  goto 66
	get_light  goto 67
	get_sound_level  goto 68
	send  goto 69
	read  goto 70
	establish_connection  goto 71


state 263
	for_loop : FOR option_nl LP for_expr RP option_nl . LBRACE stmt_list RBRACE  (41)

	LBRACE  shift 274
	.  error


state 264
	for_expr : for_init SEMICOLON boolean_list . SEMICOLON for_update  (42)
	boolean_list : boolean_list . OR_OP and_term  (56)

	OR_OP  shift 189
	SEMICOLON  shift 275
	.  error


state 265
	while_loop : WHILE option_nl LP boolean_list RP option_nl . LBRACE stmt_list RBRACE  (39)

	LBRACE  shift 276
	.  error


state 266
	do_while_loop : DO option_nl LBRACE stmt_list RBRACE option_nl . WHILE option_nl LP boolean_list RP SEMICOLON  (40)

	WHILE  shift 277
	.  error


state 267
	define_fcn : FUNCTION_DEF fcn_return_type fcn_name LP param_list RP . option_nl LBRACE stmt_list RBRACE  (30)
	option_nl : .  (3)

	NL  shift 7
	LBRACE  reduce 3

	option_nl  goto 278


state 268
	param_list : var_type IDENTIFIER .  (32)
	param_list : var_type IDENTIFIER . COMMA param_list  (33)

	COMMA  shift 279
	RP  reduce 32


state 269
	send : IDENTIFIER DOT SEND_PF LP send_item RP .  (146)

	.  reduce 146


state 270
	send : establish_connection DOT SEND_PF LP send_item RP .  (147)

	.  reduce 147


state 271
	boolean_no_math : LP boolean_list OR_OP and_term RP .  (63)

	.  reduce 63


state 272
	boolean_no_math : LP and_term AND_OP boolean_factor RP .  (64)

	.  reduce 64


state 273
	if_stmt : IF LP boolean_list RP option_nl LBRACE stmt_list . RBRACE  (9)
	if_else_stmt : IF LP boolean_list RP option_nl LBRACE stmt_list . RBRACE option_nl ELSE option_nl LBRACE stmt_list RBRACE  (10)

	RBRACE  shift 280
	.  error


state 274
	for_loop : FOR option_nl LP for_expr RP option_nl LBRACE . stmt_list RBRACE  (41)

	error  shift 11
	IF  shift 12
	FOR  shift 13
	WHILE  shift 14
	DO  shift 15
	FUNCTION_DEF  shift 16
	RETURN  shift 17
	BOOLEAN_TYPE  shift 18
	INT_TYPE  shift 19
	STRING_TYPE  shift 20
	CHAR_TYPE  shift 21
	CONNECTION_TYPE  shift 22
	TIMESTAMP_TYPE  shift 23
	DOUBLE_TYPE  shift 24
	TIMESTAMP_PF  shift 25
	TEMPERATURE_PF  shift 26
	HUMIDITY_PF  shift 27
	AIR_PRESSURE_PF  shift 28
	AIR_QUALITY_PF  shift 29
	LIGHT_PF  shift 30
	SOUND_LEVEL_PF  shift 31
	NL  shift 32
	SINGLE_LINE_COMMENT  shift 33
	INCREMENT_OP  shift 34
	DECREMENT_OP  shift 35
	ESTABLISH_CONN_PF  shift 36
	IDENTIFIER  shift 37
	.  error

	stmt_list  goto 281
	stmt  goto 39
	conditional  goto 40
	if_stmt  goto 41
	if_else_stmt  goto 42
	decrement_expr  goto 43
	increment_expr  goto 44
	declaration_expr  goto 45
	return_expr  goto 46
	assignment_expr  goto 47
	loop_expr  goto 48
	define_fcn  goto 49
	fcn_call_expr  goto 50
	primitive_function_expr  goto 51
	decrement_operation  goto 52
	increment_operation  goto 53
	fcn_name  goto 54
	var_type  goto 55
	while_loop  goto 56
	do_while_loop  goto 57
	for_loop  goto 58
	assignment_expr_no_sc  goto 59
	fcn_call  goto 60
	primitive_functions  goto 61
	get_timestamp  goto 62
	get_temperature  goto 63
	get_humidity  goto 64
	get_air_pressure  goto 65
	get_air_quality  goto 66
	get_light  goto 67
	get_sound_level  goto 68
	send  goto 69
	read  goto 70
	establish_connection  goto 71


state 275
	for_expr : for_init SEMICOLON boolean_list SEMICOLON . for_update  (42)

	TIMESTAMP_PF  shift 25
	TEMPERATURE_PF  shift 26
	HUMIDITY_PF  shift 27
	AIR_PRESSURE_PF  shift 28
	AIR_QUALITY_PF  shift 29
	LIGHT_PF  shift 30
	SOUND_LEVEL_PF  shift 31
	LP  shift 80
	INCREMENT_OP  shift 34
	DECREMENT_OP  shift 35
	ESTABLISH_CONN_PF  shift 36
	INTEGER  shift 81
	DOUBLE  shift 82
	IDENTIFIER  shift 282
	.  error

	decrement_operation  goto 283
	increment_operation  goto 284
	fcn_name  goto 54
	for_update  goto 285
	assignment_expr_no_sc  goto 286
	math_stmt  goto 287
	term  goto 90
	fcn_call  goto 91
	primitive_functions  goto 92
	power  goto 93
	factor  goto 94
	get_timestamp  goto 62
	get_temperature  goto 63
	get_humidity  goto 64
	get_air_pressure  goto 65
	get_air_quality  goto 66
	get_light  goto 67
	get_sound_level  goto 68
	send  goto 69
	read  goto 70
	establish_connection  goto 71


state 276
	while_loop : WHILE option_nl LP boolean_list RP option_nl LBRACE . stmt_list RBRACE  (39)

	error  shift 11
	IF  shift 12
	FOR  shift 13
	WHILE  shift 14
	DO  shift 15
	FUNCTION_DEF  shift 16
	RETURN  shift 17
	BOOLEAN_TYPE  shift 18
	INT_TYPE  shift 19
	STRING_TYPE  shift 20
	CHAR_TYPE  shift 21
	CONNECTION_TYPE  shift 22
	TIMESTAMP_TYPE  shift 23
	DOUBLE_TYPE  shift 24
	TIMESTAMP_PF  shift 25
	TEMPERATURE_PF  shift 26
	HUMIDITY_PF  shift 27
	AIR_PRESSURE_PF  shift 28
	AIR_QUALITY_PF  shift 29
	LIGHT_PF  shift 30
	SOUND_LEVEL_PF  shift 31
	NL  shift 32
	SINGLE_LINE_COMMENT  shift 33
	INCREMENT_OP  shift 34
	DECREMENT_OP  shift 35
	ESTABLISH_CONN_PF  shift 36
	IDENTIFIER  shift 37
	.  error

	stmt_list  goto 288
	stmt  goto 39
	conditional  goto 40
	if_stmt  goto 41
	if_else_stmt  goto 42
	decrement_expr  goto 43
	increment_expr  goto 44
	declaration_expr  goto 45
	return_expr  goto 46
	assignment_expr  goto 47
	loop_expr  goto 48
	define_fcn  goto 49
	fcn_call_expr  goto 50
	primitive_function_expr  goto 51
	decrement_operation  goto 52
	increment_operation  goto 53
	fcn_name  goto 54
	var_type  goto 55
	while_loop  goto 56
	do_while_loop  goto 57
	for_loop  goto 58
	assignment_expr_no_sc  goto 59
	fcn_call  goto 60
	primitive_functions  goto 61
	get_timestamp  goto 62
	get_temperature  goto 63
	get_humidity  goto 64
	get_air_pressure  goto 65
	get_air_quality  goto 66
	get_light  goto 67
	get_sound_level  goto 68
	send  goto 69
	read  goto 70
	establish_connection  goto 71


state 277
	do_while_loop : DO option_nl LBRACE stmt_list RBRACE option_nl WHILE . option_nl LP boolean_list RP SEMICOLON  (40)
	option_nl : .  (3)

	NL  shift 7
	LP  reduce 3

	option_nl  goto 289


state 278
	define_fcn : FUNCTION_DEF fcn_return_type fcn_name LP param_list RP option_nl . LBRACE stmt_list RBRACE  (30)

	LBRACE  shift 290
	.  error


state 279
	param_list : var_type IDENTIFIER COMMA . param_list  (33)
	param_list : .  (31)

	BOOLEAN_TYPE  shift 18
	INT_TYPE  shift 19
	STRING_TYPE  shift 20
	CHAR_TYPE  shift 21
	CONNECTION_TYPE  shift 22
	TIMESTAMP_TYPE  shift 23
	DOUBLE_TYPE  shift 24
	RP  reduce 31

	param_list  goto 291
	var_type  goto 249


280: shift/reduce conflict (shift 7, reduce 9) on NL
state 280
	if_stmt : IF LP boolean_list RP option_nl LBRACE stmt_list RBRACE .  (9)
	if_else_stmt : IF LP boolean_list RP option_nl LBRACE stmt_list RBRACE . option_nl ELSE option_nl LBRACE stmt_list RBRACE  (10)
	option_nl : .  (3)

	NL  shift 7
	error  reduce 9
	IF  reduce 9
	FOR  reduce 9
	WHILE  reduce 9
	DO  reduce 9
	ELSE  reduce 3
	FUNCTION_DEF  reduce 9
	RETURN  reduce 9
	BOOLEAN_TYPE  reduce 9
	INT_TYPE  reduce 9
	STRING_TYPE  reduce 9
	CHAR_TYPE  reduce 9
	CONNECTION_TYPE  reduce 9
	TIMESTAMP_TYPE  reduce 9
	DOUBLE_TYPE  reduce 9
	TIMESTAMP_PF  reduce 9
	TEMPERATURE_PF  reduce 9
	HUMIDITY_PF  reduce 9
	AIR_PRESSURE_PF  reduce 9
	AIR_QUALITY_PF  reduce 9
	LIGHT_PF  reduce 9
	SOUND_LEVEL_PF  reduce 9
	RBRACE  reduce 9
	SINGLE_LINE_COMMENT  reduce 9
	INCREMENT_OP  reduce 9
	DECREMENT_OP  reduce 9
	ESTABLISH_CONN_PF  reduce 9
	IDENTIFIER  reduce 9

	option_nl  goto 292


state 281
	for_loop : FOR option_nl LP for_expr RP option_nl LBRACE stmt_list . RBRACE  (41)

	RBRACE  shift 293
	.  error


state 282
	decrement_operation : IDENTIFIER . DECREMENT_OP  (25)
	increment_operation : IDENTIFIER . INCREMENT_OP  (28)
	assignment_expr_no_sc : IDENTIFIER . ASSIGN_OP assignment_operand  (52)
	factor : IDENTIFIER .  (120)
	fcn_name : IDENTIFIER .  (127)
	send : IDENTIFIER . DOT SEND_PF LP send_item RP  (146)
	read : IDENTIFIER . DOT READ_PF LP RP  (148)

	INCREMENT_OP  shift 105
	DECREMENT_OP  shift 106
	ASSIGN_OP  shift 107
	DOT  shift 108
	LP  reduce 127
	RP  reduce 120
	PLUS_OP  reduce 120
	MINUS_OP  reduce 120
	DIV_OP  reduce 120
	MULT_OP  reduce 120
	POWER_OP  reduce 120
	MODULO_OP  reduce 120


state 283
	for_update : decrement_operation .  (47)

	.  reduce 47


state 284
	for_update : increment_operation .  (48)

	.  reduce 48


state 285
	for_expr : for_init SEMICOLON boolean_list SEMICOLON for_update .  (42)

	.  reduce 42


state 286
	for_update : assignment_expr_no_sc .  (46)

	.  reduce 46


state 287
	for_update : math_stmt .  (45)
	math_stmt : math_stmt . PLUS_OP term  (107)
	math_stmt : math_stmt . MINUS_OP term  (108)

	PLUS_OP  shift 145
	MINUS_OP  shift 146
	RP  reduce 45


state 288
	while_loop : WHILE option_nl LP boolean_list RP option_nl LBRACE stmt_list . RBRACE  (39)

	RBRACE  shift 294
	.  error


state 289
	do_while_loop : DO option_nl LBRACE stmt_list RBRACE option_nl WHILE option_nl . LP boolean_list RP SEMICOLON  (40)

	LP  shift 295
	.  error


state 290
	define_fcn : FUNCTION_DEF fcn_return_type fcn_name LP param_list RP option_nl LBRACE . stmt_list RBRACE  (30)

	error  shift 11
	IF  shift 12
	FOR  shift 13
	WHILE  shift 14
	DO  shift 15
	FUNCTION_DEF  shift 16
	RETURN  shift 17
	BOOLEAN_TYPE  shift 18
	INT_TYPE  shift 19
	STRING_TYPE  shift 20
	CHAR_TYPE  shift 21
	CONNECTION_TYPE  shift 22
	TIMESTAMP_TYPE  shift 23
	DOUBLE_TYPE  shift 24
	TIMESTAMP_PF  shift 25
	TEMPERATURE_PF  shift 26
	HUMIDITY_PF  shift 27
	AIR_PRESSURE_PF  shift 28
	AIR_QUALITY_PF  shift 29
	LIGHT_PF  shift 30
	SOUND_LEVEL_PF  shift 31
	NL  shift 32
	SINGLE_LINE_COMMENT  shift 33
	INCREMENT_OP  shift 34
	DECREMENT_OP  shift 35
	ESTABLISH_CONN_PF  shift 36
	IDENTIFIER  shift 37
	.  error

	stmt_list  goto 296
	stmt  goto 39
	conditional  goto 40
	if_stmt  goto 41
	if_else_stmt  goto 42
	decrement_expr  goto 43
	increment_expr  goto 44
	declaration_expr  goto 45
	return_expr  goto 46
	assignment_expr  goto 47
	loop_expr  goto 48
	define_fcn  goto 49
	fcn_call_expr  goto 50
	primitive_function_expr  goto 51
	decrement_operation  goto 52
	increment_operation  goto 53
	fcn_name  goto 54
	var_type  goto 55
	while_loop  goto 56
	do_while_loop  goto 57
	for_loop  goto 58
	assignment_expr_no_sc  goto 59
	fcn_call  goto 60
	primitive_functions  goto 61
	get_timestamp  goto 62
	get_temperature  goto 63
	get_humidity  goto 64
	get_air_pressure  goto 65
	get_air_quality  goto 66
	get_light  goto 67
	get_sound_level  goto 68
	send  goto 69
	read  goto 70
	establish_connection  goto 71


state 291
	param_list : var_type IDENTIFIER COMMA param_list .  (33)

	.  reduce 33


state 292
	if_else_stmt : IF LP boolean_list RP option_nl LBRACE stmt_list RBRACE option_nl . ELSE option_nl LBRACE stmt_list RBRACE  (10)

	ELSE  shift 297
	.  error


state 293
	for_loop : FOR option_nl LP for_expr RP option_nl LBRACE stmt_list RBRACE .  (41)

	.  reduce 41


state 294
	while_loop : WHILE option_nl LP boolean_list RP option_nl LBRACE stmt_list RBRACE .  (39)

	.  reduce 39


state 295
	do_while_loop : DO option_nl LBRACE stmt_list RBRACE option_nl WHILE option_nl LP . boolean_list RP SEMICOLON  (40)

	TRUE_LITERAL  shift 120
	FALSE_LITERAL  shift 121
	NEGATION_OP  shift 122
	TIMESTAMP_PF  shift 25
	TEMPERATURE_PF  shift 26
	HUMIDITY_PF  shift 27
	AIR_PRESSURE_PF  shift 28
	AIR_QUALITY_PF  shift 29
	LIGHT_PF  shift 30
	SOUND_LEVEL_PF  shift 31
	LP  shift 123
	ESTABLISH_CONN_PF  shift 36
	INTEGER  shift 81
	DOUBLE  shift 82
	STRING  shift 124
	CHAR  shift 84
	IDENTIFIER  shift 125
	.  error

	boolean_list  goto 298
	fcn_name  goto 54
	math_stmt  goto 86
	and_term  goto 127
	boolean_factor  goto 128
	boolean_expr  goto 129
	boolean_no_math  goto 130
	boolean_literal  goto 131
	num_compr_expr  goto 132
	string_compr_expr  goto 133
	num_comparable  goto 134
	str_stmt  goto 135
	term  goto 90
	fcn_call  goto 91
	primitive_functions  goto 92
	power  goto 93
	factor  goto 94
	get_timestamp  goto 62
	get_temperature  goto 63
	get_humidity  goto 64
	get_air_pressure  goto 65
	get_air_quality  goto 66
	get_light  goto 67
	get_sound_level  goto 68
	send  goto 69
	read  goto 70
	establish_connection  goto 71


state 296
	define_fcn : FUNCTION_DEF fcn_return_type fcn_name LP param_list RP option_nl LBRACE stmt_list . RBRACE  (30)

	RBRACE  shift 299
	.  error


state 297
	if_else_stmt : IF LP boolean_list RP option_nl LBRACE stmt_list RBRACE option_nl ELSE . option_nl LBRACE stmt_list RBRACE  (10)
	option_nl : .  (3)

	NL  shift 7
	LBRACE  reduce 3

	option_nl  goto 300


state 298
	do_while_loop : DO option_nl LBRACE stmt_list RBRACE option_nl WHILE option_nl LP boolean_list . RP SEMICOLON  (40)
	boolean_list : boolean_list . OR_OP and_term  (56)

	OR_OP  shift 189
	RP  shift 301
	.  error


state 299
	define_fcn : FUNCTION_DEF fcn_return_type fcn_name LP param_list RP option_nl LBRACE stmt_list RBRACE .  (30)

	.  reduce 30


state 300
	if_else_stmt : IF LP boolean_list RP option_nl LBRACE stmt_list RBRACE option_nl ELSE option_nl . LBRACE stmt_list RBRACE  (10)

	LBRACE  shift 302
	.  error


state 301
	do_while_loop : DO option_nl LBRACE stmt_list RBRACE option_nl WHILE option_nl LP boolean_list RP . SEMICOLON  (40)

	SEMICOLON  shift 303
	.  error


state 302
	if_else_stmt : IF LP boolean_list RP option_nl LBRACE stmt_list RBRACE option_nl ELSE option_nl LBRACE . stmt_list RBRACE  (10)

	error  shift 11
	IF  shift 12
	FOR  shift 13
	WHILE  shift 14
	DO  shift 15
	FUNCTION_DEF  shift 16
	RETURN  shift 17
	BOOLEAN_TYPE  shift 18
	INT_TYPE  shift 19
	STRING_TYPE  shift 20
	CHAR_TYPE  shift 21
	CONNECTION_TYPE  shift 22
	TIMESTAMP_TYPE  shift 23
	DOUBLE_TYPE  shift 24
	TIMESTAMP_PF  shift 25
	TEMPERATURE_PF  shift 26
	HUMIDITY_PF  shift 27
	AIR_PRESSURE_PF  shift 28
	AIR_QUALITY_PF  shift 29
	LIGHT_PF  shift 30
	SOUND_LEVEL_PF  shift 31
	NL  shift 32
	SINGLE_LINE_COMMENT  shift 33
	INCREMENT_OP  shift 34
	DECREMENT_OP  shift 35
	ESTABLISH_CONN_PF  shift 36
	IDENTIFIER  shift 37
	.  error

	stmt_list  goto 304
	stmt  goto 39
	conditional  goto 40
	if_stmt  goto 41
	if_else_stmt  goto 42
	decrement_expr  goto 43
	increment_expr  goto 44
	declaration_expr  goto 45
	return_expr  goto 46
	assignment_expr  goto 47
	loop_expr  goto 48
	define_fcn  goto 49
	fcn_call_expr  goto 50
	primitive_function_expr  goto 51
	decrement_operation  goto 52
	increment_operation  goto 53
	fcn_name  goto 54
	var_type  goto 55
	while_loop  goto 56
	do_while_loop  goto 57
	for_loop  goto 58
	assignment_expr_no_sc  goto 59
	fcn_call  goto 60
	primitive_functions  goto 61
	get_timestamp  goto 62
	get_temperature  goto 63
	get_humidity  goto 64
	get_air_pressure  goto 65
	get_air_quality  goto 66
	get_light  goto 67
	get_sound_level  goto 68
	send  goto 69
	read  goto 70
	establish_connection  goto 71


state 303
	do_while_loop : DO option_nl LBRACE stmt_list RBRACE option_nl WHILE option_nl LP boolean_list RP SEMICOLON .  (40)

	.  reduce 40


state 304
	if_else_stmt : IF LP boolean_list RP option_nl LBRACE stmt_list RBRACE option_nl ELSE option_nl LBRACE stmt_list . RBRACE  (10)

	RBRACE  shift 305
	.  error


state 305
	if_else_stmt : IF LP boolean_list RP option_nl LBRACE stmt_list RBRACE option_nl ELSE option_nl LBRACE stmt_list RBRACE .  (10)

	.  reduce 10


State 280 contains 1 shift/reduce conflict.


70 terminals, 64 nonterminals
155 grammar rules, 306 states
